::1 - - [27/Sep/2024:13:24:31 +0200] "GET / HTTP/1.1" 200 46
::1 - - [27/Sep/2024:13:24:31 +0200] "GET /favicon.ico HTTP/1.1" 404 196
::1 - - [27/Sep/2024:13:25:31 +0200] "-" 408 -
::1 - - [27/Sep/2024:13:25:41 +0200] "GET / HTTP/1.1" 200 48
::1 - - [27/Sep/2024:13:26:41 +0200] "-" 408 -
::1 - - [27/Sep/2024:13:30:28 +0200] "GET / HTTP/1.1" 304 -
::1 - - [27/Sep/2024:13:30:29 +0200] "GET / HTTP/1.1" 304 -
::1 - - [27/Sep/2024:13:30:35 +0200] "GET / HTTP/1.1" 304 -
::1 - - [27/Sep/2024:13:36:49 +0200] "GET / HTTP/1.1" 304 -
::1 - - [27/Sep/2024:13:37:46 +0200] "GET / HTTP/1.1" 304 -
::1 - - [27/Sep/2024:13:38:05 +0200] "GET / HTTP/1.1" 304 -
::1 - - [27/Sep/2024:13:38:06 +0200] "GET / HTTP/1.1" 304 -
::1 - - [27/Sep/2024:13:38:12 +0200] "GET / HTTP/1.1" 304 -
::1 - - [27/Sep/2024:13:39:16 +0200] "GET / HTTP/1.1" 304 -
::1 - - [27/Sep/2024:13:40:13 +0200] "GET / HTTP/1.1" 304 -
::1 - - [27/Sep/2024:13:41:00 +0200] "GET / HTTP/1.1" 304 -
::1 - - [27/Sep/2024:13:41:15 +0200] "GET / HTTP/1.1" 200 47
::1 - - [27/Sep/2024:13:41:17 +0200] "GET / HTTP/1.1" 304 -
::1 - - [27/Sep/2024:13:41:25 +0200] "GET / HTTP/1.1" 200 55
::1 - - [27/Sep/2024:13:41:33 +0200] "GET / HTTP/1.1" 200 47
::1 - - [27/Sep/2024:13:42:33 +0200] "-" 408 -
::1 - - [27/Sep/2024:13:51:17 +0200] "GET /proyecto HTTP/1.1" 301 234
::1 - - [27/Sep/2024:13:51:17 +0200] "GET /proyecto/ HTTP/1.1" 200 264
::1 - - [27/Sep/2024:13:51:20 +0200] "GET /proyecto/index.php HTTP/1.1" 200 145
::1 - - [27/Sep/2024:13:51:40 +0200] "GET /proyecto/index.php HTTP/1.1" 200 150
::1 - - [27/Sep/2024:13:51:41 +0200] "GET /proyecto/index.php HTTP/1.1" 200 150
::1 - - [27/Sep/2024:13:52:12 +0200] "GET /proyecto/index.php HTTP/1.1" 200 221
::1 - - [27/Sep/2024:13:52:53 +0200] "GET /proyecto/index.php HTTP/1.1" 200 145
::1 - - [27/Sep/2024:13:53:51 +0200] "GET /proyecto/index.php HTTP/1.1" 200 10
::1 - - [27/Sep/2024:13:54:42 +0200] "GET /proyecto/index.php HTTP/1.1" 200 78437
::1 - - [27/Sep/2024:13:54:47 +0200] "GET /proyecto/index.php HTTP/1.1" 200 78437
::1 - - [27/Sep/2024:13:55:47 +0200] "-" 408 -
::1 - - [27/Sep/2024:13:57:05 +0200] "GET /proyecto/index.php HTTP/1.1" 200 74032
::1 - - [27/Sep/2024:13:58:05 +0200] "-" 408 -
::1 - - [27/Sep/2024:14:04:21 +0200] "GET /proyecto/index.php HTTP/1.1" 200 77601
::1 - - [27/Sep/2024:14:05:21 +0200] "-" 408 -
::1 - - [02/Oct/2024:21:05:55 +0200] "-" 408 -
::1 - - [02/Oct/2024:21:05:55 +0200] "-" 408 -
::1 - - [02/Oct/2024:23:16:52 +0200] "-" 408 -
::1 - - [05/Oct/2024:15:40:34 +0200] "GET / HTTP/1.1" 200 47
::1 - - [05/Oct/2024:15:40:34 +0200] "GET /favicon.ico HTTP/1.1" 404 196
::1 - - [05/Oct/2024:15:40:42 +0200] "GET /proyecto HTTP/1.1" 301 234
::1 - - [05/Oct/2024:15:40:42 +0200] "GET /proyecto/ HTTP/1.1" 200 264
::1 - - [05/Oct/2024:15:40:49 +0200] "GET /proyecto/index.php HTTP/1.1" 200 82820
::1 - - [05/Oct/2024:15:41:21 +0200] "GET /zoo-ARCADIA HTTP/1.1" 404 196
::1 - - [05/Oct/2024:15:41:25 +0200] "GET /zoo-ARCADIA/ HTTP/1.1" 404 196
::1 - - [05/Oct/2024:15:42:21 +0200] "-" 408 -
::1 - - [06/Oct/2024:15:15:56 +0200] "GET / HTTP/1.1" 200 321
::1 - - [06/Oct/2024:15:15:56 +0200] "GET /favicon.ico HTTP/1.1" 404 196
::1 - - [06/Oct/2024:15:15:58 +0200] "GET /zoo-ARCADIA/ HTTP/1.1" 200 3983
::1 - - [06/Oct/2024:15:15:58 +0200] "GET /node_modules/Normalize-css/normalize.css HTTP/1.1" 404 196
::1 - - [06/Oct/2024:15:15:58 +0200] "GET /zoo-ARCADIA/src/css/styles.css HTTP/1.1" 200 -
::1 - - [06/Oct/2024:15:15:58 +0200] "GET /bootstrap/dist/css/bootstrap.css HTTP/1.1" 404 196
::1 - - [06/Oct/2024:15:15:58 +0200] "GET /src/assets/images/favicon.png HTTP/1.1" 404 196
::1 - - [06/Oct/2024:15:15:58 +0200] "GET /src/assets/images/favicon.svg HTTP/1.1" 404 196
::1 - - [06/Oct/2024:15:16:14 +0200] "GET / HTTP/1.1" 200 321
::1 - - [06/Oct/2024:15:16:16 +0200] "GET /node_modules/Normalize-css/normalize.css HTTP/1.1" 404 196
::1 - - [06/Oct/2024:15:16:16 +0200] "GET /bootstrap/dist/css/bootstrap.css HTTP/1.1" 404 196
::1 - - [06/Oct/2024:15:16:59 +0200] "GET /zoo-ARCADIA/ HTTP/1.1" 200 4037
::1 - - [06/Oct/2024:15:16:59 +0200] "GET /node_modules/Normalize-css/normalize.css HTTP/1.1" 404 196
::1 - - [06/Oct/2024:15:16:59 +0200] "GET /bootstrap/dist/css/bootstrap.css HTTP/1.1" 404 196
::1 - - [06/Oct/2024:15:17:01 +0200] "GET /zoo-ARCADIA/ HTTP/1.1" 304 -
::1 - - [06/Oct/2024:15:17:01 +0200] "GET /node_modules/Normalize-css/normalize.css HTTP/1.1" 404 196
::1 - - [06/Oct/2024:15:17:01 +0200] "GET /bootstrap/dist/css/bootstrap.css HTTP/1.1" 404 196
::1 - - [06/Oct/2024:15:17:06 +0200] "GET /zoo-ARCADIA/services.html HTTP/1.1" 200 3372
::1 - - [06/Oct/2024:15:17:06 +0200] "GET /node_modules/Normalize-css/normalize.css HTTP/1.1" 404 196
::1 - - [06/Oct/2024:15:17:06 +0200] "GET /bootstrap/dist/css/bootstrap.css HTTP/1.1" 404 196
::1 - - [06/Oct/2024:15:17:15 +0200] "GET /node_modules/Normalize-css/normalize.css HTTP/1.1" 404 196
::1 - - [06/Oct/2024:15:17:15 +0200] "GET /bootstrap/dist/css/bootstrap.css HTTP/1.1" 404 196
::1 - - [06/Oct/2024:15:17:19 +0200] "GET /zoo-ARCADIA/services.html HTTP/1.1" 304 -
::1 - - [06/Oct/2024:15:17:19 +0200] "GET /node_modules/Normalize-css/normalize.css HTTP/1.1" 404 196
::1 - - [06/Oct/2024:15:17:19 +0200] "GET /bootstrap/dist/css/bootstrap.css HTTP/1.1" 404 196
::1 - - [06/Oct/2024:15:18:01 +0200] "GET /zoo-ARCADIA/services.html HTTP/1.1" 200 3402
::1 - - [06/Oct/2024:15:18:01 +0200] "GET /bootstrap/dist/css/bootstrap.css HTTP/1.1" 404 196
::1 - - [06/Oct/2024:15:18:01 +0200] "GET /node_modules/Normalize-css/normalize.css HTTP/1.1" 404 196
::1 - - [06/Oct/2024:15:18:03 +0200] "GET /zoo-ARCADIA/services.html HTTP/1.1" 304 -
::1 - - [06/Oct/2024:15:18:03 +0200] "GET /node_modules/Normalize-css/normalize.css HTTP/1.1" 404 196
::1 - - [06/Oct/2024:15:18:03 +0200] "GET /bootstrap/dist/css/bootstrap.css HTTP/1.1" 404 196
::1 - - [06/Oct/2024:15:18:06 +0200] "GET /zoo-ARCADIA/habitats.html HTTP/1.1" 200 3290
::1 - - [06/Oct/2024:15:18:06 +0200] "GET /node_modules/Normalize-css/normalize.css HTTP/1.1" 404 196
::1 - - [06/Oct/2024:15:18:06 +0200] "GET /bootstrap/dist/css/bootstrap.css HTTP/1.1" 404 196
::1 - - [06/Oct/2024:15:18:50 +0200] "GET /zoo-ARCADIA/habitats.html HTTP/1.1" 200 3320
::1 - - [06/Oct/2024:15:18:50 +0200] "GET /node_modules/Normalize-css/normalize.css HTTP/1.1" 404 196
::1 - - [06/Oct/2024:15:18:50 +0200] "GET /bootstrap/dist/css/bootstrap.css HTTP/1.1" 404 196
::1 - - [06/Oct/2024:15:18:59 +0200] "GET /zoo-ARCADIA/all-animals-habitats.html HTTP/1.1" 200 7475
::1 - - [06/Oct/2024:15:18:59 +0200] "GET /node_modules/Normalize-css/normalize.css HTTP/1.1" 404 196
::1 - - [06/Oct/2024:15:18:59 +0200] "GET /bootstrap/dist/css/bootstrap.css HTTP/1.1" 404 196
::1 - - [06/Oct/2024:15:19:39 +0200] "GET /zoo-ARCADIA/habitats.html HTTP/1.1" 200 3320
::1 - - [06/Oct/2024:15:19:39 +0200] "GET /node_modules/Normalize-css/normalize.css HTTP/1.1" 404 196
::1 - - [06/Oct/2024:15:19:39 +0200] "GET /bootstrap/dist/css/bootstrap.css HTTP/1.1" 404 196
::1 - - [06/Oct/2024:15:19:41 +0200] "GET /zoo-ARCADIA/all-animals-habitats.html HTTP/1.1" 304 -
::1 - - [06/Oct/2024:15:19:41 +0200] "GET /node_modules/Normalize-css/normalize.css HTTP/1.1" 404 196
::1 - - [06/Oct/2024:15:19:41 +0200] "GET /bootstrap/dist/css/bootstrap.css HTTP/1.1" 404 196
::1 - - [06/Oct/2024:15:20:33 +0200] "GET /zoo-ARCADIA/habitats.html HTTP/1.1" 304 -
::1 - - [06/Oct/2024:15:20:33 +0200] "GET /node_modules/Normalize-css/normalize.css HTTP/1.1" 404 196
::1 - - [06/Oct/2024:15:20:33 +0200] "GET /bootstrap/dist/css/bootstrap.css HTTP/1.1" 404 196
::1 - - [06/Oct/2024:15:20:34 +0200] "GET /zoo-ARCADIA/all-animals-habitats.html HTTP/1.1" 200 7505
::1 - - [06/Oct/2024:15:20:34 +0200] "GET /node_modules/Normalize-css/normalize.css HTTP/1.1" 404 196
::1 - - [06/Oct/2024:15:20:34 +0200] "GET /bootstrap/dist/css/bootstrap.css HTTP/1.1" 404 196
::1 - - [06/Oct/2024:15:20:36 +0200] "GET /node_modules/Normalize-css/normalize.css HTTP/1.1" 404 196
::1 - - [06/Oct/2024:15:20:36 +0200] "GET /bootstrap/dist/css/bootstrap.css HTTP/1.1" 404 196
::1 - - [06/Oct/2024:15:20:37 +0200] "GET /zoo-ARCADIA/services.html HTTP/1.1" 304 -
::1 - - [06/Oct/2024:15:20:37 +0200] "GET /node_modules/Normalize-css/normalize.css HTTP/1.1" 404 196
::1 - - [06/Oct/2024:15:20:37 +0200] "GET /bootstrap/dist/css/bootstrap.css HTTP/1.1" 404 196
::1 - - [06/Oct/2024:15:20:42 +0200] "GET /zoo-ARCADIA/all-animals-habitats.html HTTP/1.1" 304 -
::1 - - [06/Oct/2024:15:20:42 +0200] "GET /node_modules/Normalize-css/normalize.css HTTP/1.1" 404 196
::1 - - [06/Oct/2024:15:20:42 +0200] "GET /bootstrap/dist/css/bootstrap.css HTTP/1.1" 404 196
::1 - - [06/Oct/2024:15:21:42 +0200] "-" 408 -
::1 - - [06/Oct/2024:15:22:04 +0200] "GET /zoo-ARCADIA/ HTTP/1.1" 200 4037
::1 - - [06/Oct/2024:15:22:04 +0200] "GET /node_modules/Normalize-css/normalize.css HTTP/1.1" 404 196
::1 - - [06/Oct/2024:15:22:04 +0200] "GET /bootstrap/dist/css/bootstrap.css HTTP/1.1" 404 196
::1 - - [06/Oct/2024:15:22:10 +0200] "GET /zoo-ARCADIA/services.html HTTP/1.1" 200 3399
::1 - - [06/Oct/2024:15:22:10 +0200] "GET /node_modules/Normalize-css/normalize.css HTTP/1.1" 404 196
::1 - - [06/Oct/2024:15:22:10 +0200] "GET /bootstrap/dist/css/bootstrap.css HTTP/1.1" 404 196
::1 - - [06/Oct/2024:15:22:11 +0200] "GET /zoo-ARCADIA/index.html HTTP/1.1" 200 4037
::1 - - [06/Oct/2024:15:22:11 +0200] "GET /node_modules/Normalize-css/normalize.css HTTP/1.1" 404 196
::1 - - [06/Oct/2024:15:22:11 +0200] "GET /bootstrap/dist/css/bootstrap.css HTTP/1.1" 404 196
::1 - - [06/Oct/2024:15:22:12 +0200] "GET /node_modules/Normalize-css/normalize.css HTTP/1.1" 404 196
::1 - - [06/Oct/2024:15:22:12 +0200] "GET /bootstrap/dist/css/bootstrap.css HTTP/1.1" 404 196
::1 - - [06/Oct/2024:15:22:13 +0200] "GET /zoo-ARCADIA/habitats.html HTTP/1.1" 200 3317
::1 - - [06/Oct/2024:15:22:13 +0200] "GET /node_modules/Normalize-css/normalize.css HTTP/1.1" 404 196
::1 - - [06/Oct/2024:15:22:13 +0200] "GET /bootstrap/dist/css/bootstrap.css HTTP/1.1" 404 196
::1 - - [06/Oct/2024:15:22:14 +0200] "GET /zoo-ARCADIA/all-animals-habitats.html HTTP/1.1" 200 7490
::1 - - [06/Oct/2024:15:22:14 +0200] "GET /node_modules/Normalize-css/normalize.css HTTP/1.1" 404 196
::1 - - [06/Oct/2024:15:22:14 +0200] "GET /bootstrap/dist/css/bootstrap.css HTTP/1.1" 404 196
::1 - - [06/Oct/2024:15:22:19 +0200] "GET /zoo-ARCADIA/habitats.html HTTP/1.1" 304 -
::1 - - [06/Oct/2024:15:22:19 +0200] "GET /node_modules/Normalize-css/normalize.css HTTP/1.1" 404 196
::1 - - [06/Oct/2024:15:22:19 +0200] "GET /bootstrap/dist/css/bootstrap.css HTTP/1.1" 404 196
::1 - - [06/Oct/2024:15:22:23 +0200] "GET /zoo-ARCADIA/all-animals-habitats.html HTTP/1.1" 304 -
::1 - - [06/Oct/2024:15:22:23 +0200] "GET /node_modules/Normalize-css/normalize.css HTTP/1.1" 404 196
::1 - - [06/Oct/2024:15:22:23 +0200] "GET /bootstrap/dist/css/bootstrap.css HTTP/1.1" 404 196
::1 - - [06/Oct/2024:15:23:19 +0200] "-" 408 -
::1 - - [06/Oct/2024:15:26:02 +0200] "GET /zoo-ARCADIA/habitats.html HTTP/1.1" 200 3680
::1 - - [06/Oct/2024:15:26:02 +0200] "GET /node_modules/Normalize-css/normalize.css HTTP/1.1" 404 196
::1 - - [06/Oct/2024:15:26:02 +0200] "GET /bootstrap/dist/css/bootstrap.css HTTP/1.1" 404 196
::1 - - [06/Oct/2024:15:26:04 +0200] "GET /zoo-ARCADIA/services.html HTTP/1.1" 304 -
::1 - - [06/Oct/2024:15:26:04 +0200] "GET /node_modules/Normalize-css/normalize.css HTTP/1.1" 404 196
::1 - - [06/Oct/2024:15:26:04 +0200] "GET /bootstrap/dist/css/bootstrap.css HTTP/1.1" 404 196
::1 - - [06/Oct/2024:15:26:04 +0200] "GET /zoo-ARCADIA/index.html HTTP/1.1" 304 -
::1 - - [06/Oct/2024:15:26:04 +0200] "GET /node_modules/Normalize-css/normalize.css HTTP/1.1" 404 196
::1 - - [06/Oct/2024:15:26:04 +0200] "GET /bootstrap/dist/css/bootstrap.css HTTP/1.1" 404 196
::1 - - [06/Oct/2024:15:26:05 +0200] "GET /zoo-ARCADIA/all-animals-habitats.html HTTP/1.1" 200 7370
::1 - - [06/Oct/2024:15:26:05 +0200] "GET /node_modules/Normalize-css/normalize.css HTTP/1.1" 404 196
::1 - - [06/Oct/2024:15:26:05 +0200] "GET /bootstrap/dist/css/bootstrap.css HTTP/1.1" 404 196
::1 - - [06/Oct/2024:15:31:13 +0200] "GET /zoo-ARCADIA/habitats.html HTTP/1.1" 304 -
::1 - - [06/Oct/2024:15:31:13 +0200] "GET /node_modules/Normalize-css/normalize.css HTTP/1.1" 404 196
::1 - - [06/Oct/2024:15:31:13 +0200] "GET /bootstrap/dist/css/bootstrap.css HTTP/1.1" 404 196
::1 - - [06/Oct/2024:15:31:15 +0200] "GET /zoo-ARCADIA/habitat-1.html HTTP/1.1" 200 7470
::1 - - [06/Oct/2024:15:31:15 +0200] "GET /node_modules/Normalize-css/normalize.css HTTP/1.1" 404 196
::1 - - [06/Oct/2024:15:31:15 +0200] "GET /bootstrap/dist/css/bootstrap.css HTTP/1.1" 404 196
::1 - - [06/Oct/2024:15:31:40 +0200] "GET /zoo-ARCADIA/habitat-2.html HTTP/1.1" 200 7470
::1 - - [06/Oct/2024:15:31:40 +0200] "GET /node_modules/Normalize-css/normalize.css HTTP/1.1" 404 196
::1 - - [06/Oct/2024:15:31:40 +0200] "GET /bootstrap/dist/css/bootstrap.css HTTP/1.1" 404 196
::1 - - [06/Oct/2024:15:31:44 +0200] "GET /node_modules/Normalize-css/normalize.css HTTP/1.1" 404 196
::1 - - [06/Oct/2024:15:31:44 +0200] "GET /bootstrap/dist/css/bootstrap.css HTTP/1.1" 404 196
::1 - - [06/Oct/2024:15:31:51 +0200] "GET /zoo-ARCADIA/habitat-3.html HTTP/1.1" 200 7430
::1 - - [06/Oct/2024:15:31:51 +0200] "GET /node_modules/Normalize-css/normalize.css HTTP/1.1" 404 196
::1 - - [06/Oct/2024:15:31:51 +0200] "GET /bootstrap/dist/css/bootstrap.css HTTP/1.1" 404 196
::1 - - [06/Oct/2024:15:32:02 +0200] "GET /zoo-ARCADIA/all-animals-habitats.html HTTP/1.1" 304 -
::1 - - [06/Oct/2024:15:32:02 +0200] "GET /node_modules/Normalize-css/normalize.css HTTP/1.1" 404 196
::1 - - [06/Oct/2024:15:32:02 +0200] "GET /bootstrap/dist/css/bootstrap.css HTTP/1.1" 404 196
::1 - - [06/Oct/2024:15:33:02 +0200] "-" 408 -
::1 - - [06/Oct/2024:15:34:42 +0200] "GET /zoo-ARCADIA/all-animals-habitats.html HTTP/1.1" 200 7833
::1 - - [06/Oct/2024:15:34:42 +0200] "GET /node_modules/Normalize-css/normalize.css HTTP/1.1" 404 196
::1 - - [06/Oct/2024:15:34:42 +0200] "GET /bootstrap/dist/css/bootstrap.css HTTP/1.1" 404 196
::1 - - [06/Oct/2024:15:34:49 +0200] "GET /zoo-ARCADIA/all-animals-habitats.html HTTP/1.1" 304 -
::1 - - [06/Oct/2024:15:34:49 +0200] "GET /bootstrap/dist/css/bootstrap.css HTTP/1.1" 404 196
::1 - - [06/Oct/2024:15:34:49 +0200] "GET /node_modules/Normalize-css/normalize.css HTTP/1.1" 404 196
::1 - - [06/Oct/2024:15:36:34 +0200] "GET /zoo-ARCADIA/all-animals-habitats.html HTTP/1.1" 200 7948
::1 - - [06/Oct/2024:15:36:34 +0200] "GET /node_modules/Normalize-css/normalize.css HTTP/1.1" 404 196
::1 - - [06/Oct/2024:15:36:34 +0200] "GET /bootstrap/dist/css/bootstrap.css HTTP/1.1" 404 196
::1 - - [06/Oct/2024:15:37:34 +0200] "-" 408 -
::1 - - [06/Oct/2024:15:39:00 +0200] "GET /zoo-ARCADIA/all-animals-habitats.html HTTP/1.1" 200 8279
::1 - - [06/Oct/2024:15:39:00 +0200] "GET /node_modules/Normalize-css/normalize.css HTTP/1.1" 404 196
::1 - - [06/Oct/2024:15:39:00 +0200] "GET /bootstrap/dist/css/bootstrap.css HTTP/1.1" 404 196
::1 - - [06/Oct/2024:15:39:55 +0200] "GET /zoo-ARCADIA/all-animals-habitats.html HTTP/1.1" 200 8349
::1 - - [06/Oct/2024:15:39:55 +0200] "GET /node_modules/Normalize-css/normalize.css HTTP/1.1" 404 196
::1 - - [06/Oct/2024:15:39:55 +0200] "GET /bootstrap/dist/css/bootstrap.css HTTP/1.1" 404 196
::1 - - [06/Oct/2024:15:39:57 +0200] "GET /zoo-ARCADIA/all-animals-habitats.html HTTP/1.1" 304 -
::1 - - [06/Oct/2024:15:39:57 +0200] "GET /node_modules/Normalize-css/normalize.css HTTP/1.1" 404 196
::1 - - [06/Oct/2024:15:39:57 +0200] "GET /bootstrap/dist/css/bootstrap.css HTTP/1.1" 404 196
::1 - - [06/Oct/2024:15:40:10 +0200] "GET /zoo-ARCADIA/all-animals-habitats.html HTTP/1.1" 200 8279
::1 - - [06/Oct/2024:15:40:10 +0200] "GET /node_modules/Normalize-css/normalize.css HTTP/1.1" 404 196
::1 - - [06/Oct/2024:15:40:10 +0200] "GET /bootstrap/dist/css/bootstrap.css HTTP/1.1" 404 196
::1 - - [06/Oct/2024:15:40:25 +0200] "GET /zoo-ARCADIA/habitats.html HTTP/1.1" 200 3680
::1 - - [06/Oct/2024:15:40:25 +0200] "GET /node_modules/Normalize-css/normalize.css HTTP/1.1" 404 196
::1 - - [06/Oct/2024:15:40:25 +0200] "GET /bootstrap/dist/css/bootstrap.css HTTP/1.1" 404 196
::1 - - [06/Oct/2024:15:41:25 +0200] "-" 408 -
::1 - - [06/Oct/2024:15:41:40 +0200] "GET /zoo-ARCADIA/habitat-1.html HTTP/1.1" 200 7804
::1 - - [06/Oct/2024:15:41:40 +0200] "GET /node_modules/Normalize-css/normalize.css HTTP/1.1" 404 196
::1 - - [06/Oct/2024:15:41:40 +0200] "GET /bootstrap/dist/css/bootstrap.css HTTP/1.1" 404 196
::1 - - [06/Oct/2024:15:41:44 +0200] "GET /zoo-ARCADIA/habitat-2.html HTTP/1.1" 200 7804
::1 - - [06/Oct/2024:15:41:44 +0200] "GET /node_modules/Normalize-css/normalize.css HTTP/1.1" 404 196
::1 - - [06/Oct/2024:15:41:44 +0200] "GET /bootstrap/dist/css/bootstrap.css HTTP/1.1" 404 196
::1 - - [06/Oct/2024:15:41:47 +0200] "GET /zoo-ARCADIA/habitat-3.html HTTP/1.1" 200 7764
::1 - - [06/Oct/2024:15:41:47 +0200] "GET /node_modules/Normalize-css/normalize.css HTTP/1.1" 404 196
::1 - - [06/Oct/2024:15:41:47 +0200] "GET /bootstrap/dist/css/bootstrap.css HTTP/1.1" 404 196
::1 - - [06/Oct/2024:15:43:00 +0200] "-" 408 -
::1 - - [06/Oct/2024:15:43:16 +0200] "GET /zoo-ARCADIA/habitat-1.html HTTP/1.1" 304 -
::1 - - [06/Oct/2024:15:43:16 +0200] "GET /node_modules/Normalize-css/normalize.css HTTP/1.1" 404 196
::1 - - [06/Oct/2024:15:43:16 +0200] "GET /bootstrap/dist/css/bootstrap.css HTTP/1.1" 404 196
::1 - - [06/Oct/2024:15:43:16 +0200] "GET /zoo-ARCADIA/habitat-1.html HTTP/1.1" 304 -
::1 - - [06/Oct/2024:15:43:16 +0200] "GET /node_modules/Normalize-css/normalize.css HTTP/1.1" 404 196
::1 - - [06/Oct/2024:15:43:16 +0200] "GET /bootstrap/dist/css/bootstrap.css HTTP/1.1" 404 196
::1 - - [06/Oct/2024:15:43:27 +0200] "GET /zoo-ARCADIA/habitat-2.html HTTP/1.1" 200 7845
::1 - - [06/Oct/2024:15:43:27 +0200] "GET /node_modules/Normalize-css/normalize.css HTTP/1.1" 404 196
::1 - - [06/Oct/2024:15:43:27 +0200] "GET /bootstrap/dist/css/bootstrap.css HTTP/1.1" 404 196
::1 - - [06/Oct/2024:15:43:30 +0200] "GET /zoo-ARCADIA/habitat-3.html HTTP/1.1" 200 7805
::1 - - [06/Oct/2024:15:43:30 +0200] "GET /node_modules/Normalize-css/normalize.css HTTP/1.1" 404 196
::1 - - [06/Oct/2024:15:43:30 +0200] "GET /bootstrap/dist/css/bootstrap.css HTTP/1.1" 404 196
::1 - - [06/Oct/2024:15:43:30 +0200] "GET /zoo-ARCADIA/index.html HTTP/1.1" 304 -
::1 - - [06/Oct/2024:15:43:30 +0200] "GET /node_modules/Normalize-css/normalize.css HTTP/1.1" 404 196
::1 - - [06/Oct/2024:15:43:30 +0200] "GET /bootstrap/dist/css/bootstrap.css HTTP/1.1" 404 196
::1 - - [06/Oct/2024:15:43:33 +0200] "GET /zoo-ARCADIA/services.html HTTP/1.1" 304 -
::1 - - [06/Oct/2024:15:43:33 +0200] "GET /node_modules/Normalize-css/normalize.css HTTP/1.1" 404 196
::1 - - [06/Oct/2024:15:43:33 +0200] "GET /bootstrap/dist/css/bootstrap.css HTTP/1.1" 404 196
::1 - - [06/Oct/2024:15:43:41 +0200] "GET /zoo-ARCADIA/habitat-1.html HTTP/1.1" 304 -
::1 - - [06/Oct/2024:15:43:41 +0200] "GET /node_modules/Normalize-css/normalize.css HTTP/1.1" 404 196
::1 - - [06/Oct/2024:15:43:41 +0200] "GET /bootstrap/dist/css/bootstrap.css HTTP/1.1" 404 196
::1 - - [06/Oct/2024:15:43:56 +0200] "GET /zoo-ARCADIA/habitats.html HTTP/1.1" 304 -
::1 - - [06/Oct/2024:15:43:56 +0200] "GET /node_modules/Normalize-css/normalize.css HTTP/1.1" 404 196
::1 - - [06/Oct/2024:15:43:56 +0200] "GET /bootstrap/dist/css/bootstrap.css HTTP/1.1" 404 196
::1 - - [06/Oct/2024:15:44:09 +0200] "GET /zoo-ARCADIA/habitat-1.html HTTP/1.1" 200 7836
::1 - - [06/Oct/2024:15:44:09 +0200] "GET /node_modules/Normalize-css/normalize.css HTTP/1.1" 404 196
::1 - - [06/Oct/2024:15:44:09 +0200] "GET /bootstrap/dist/css/bootstrap.css HTTP/1.1" 404 196
::1 - - [06/Oct/2024:15:44:10 +0200] "GET /node_modules/Normalize-css/normalize.css HTTP/1.1" 404 196
::1 - - [06/Oct/2024:15:44:10 +0200] "GET /bootstrap/dist/css/bootstrap.css HTTP/1.1" 404 196
::1 - - [06/Oct/2024:15:44:11 +0200] "GET /node_modules/Normalize-css/normalize.css HTTP/1.1" 404 196
::1 - - [06/Oct/2024:15:44:11 +0200] "GET /bootstrap/dist/css/bootstrap.css HTTP/1.1" 404 196
::1 - - [06/Oct/2024:15:44:50 +0200] "GET / HTTP/1.1" 200 321
::1 - - [06/Oct/2024:15:44:52 +0200] "GET /zoo-ARCADIA/ HTTP/1.1" 200 4037
::1 - - [06/Oct/2024:15:44:52 +0200] "GET /node_modules/Normalize-css/normalize.css HTTP/1.1" 404 196
::1 - - [06/Oct/2024:15:44:52 +0200] "GET /bootstrap/dist/css/bootstrap.css HTTP/1.1" 404 196
::1 - - [06/Oct/2024:15:44:55 +0200] "GET /node_modules/Normalize-css/normalize.css HTTP/1.1" 404 196
::1 - - [06/Oct/2024:15:44:55 +0200] "GET /bootstrap/dist/css/bootstrap.css HTTP/1.1" 404 196
::1 - - [06/Oct/2024:15:44:57 +0200] "GET /node_modules/Normalize-css/normalize.css HTTP/1.1" 404 196
::1 - - [06/Oct/2024:15:44:57 +0200] "GET /bootstrap/dist/css/bootstrap.css HTTP/1.1" 404 196
::1 - - [06/Oct/2024:15:44:58 +0200] "GET /zoo-ARCADIA/all-animals-habitats.html HTTP/1.1" 304 -
::1 - - [06/Oct/2024:15:44:58 +0200] "GET /node_modules/Normalize-css/normalize.css HTTP/1.1" 404 196
::1 - - [06/Oct/2024:15:44:58 +0200] "GET /bootstrap/dist/css/bootstrap.css HTTP/1.1" 404 196
::1 - - [06/Oct/2024:15:44:59 +0200] "GET /node_modules/Normalize-css/normalize.css HTTP/1.1" 404 196
::1 - - [06/Oct/2024:15:44:59 +0200] "GET /bootstrap/dist/css/bootstrap.css HTTP/1.1" 404 196
::1 - - [06/Oct/2024:15:45:01 +0200] "GET /node_modules/Normalize-css/normalize.css HTTP/1.1" 404 196
::1 - - [06/Oct/2024:15:45:01 +0200] "GET /bootstrap/dist/css/bootstrap.css HTTP/1.1" 404 196
::1 - - [06/Oct/2024:15:45:05 +0200] "GET /zoo-ARCADIA/habitat-1.html HTTP/1.1" 304 -
::1 - - [06/Oct/2024:15:45:05 +0200] "GET /node_modules/Normalize-css/normalize.css HTTP/1.1" 404 196
::1 - - [06/Oct/2024:15:45:05 +0200] "GET /bootstrap/dist/css/bootstrap.css HTTP/1.1" 404 196
::1 - - [06/Oct/2024:15:45:08 +0200] "GET /node_modules/Normalize-css/normalize.css HTTP/1.1" 404 196
::1 - - [06/Oct/2024:15:45:08 +0200] "GET /bootstrap/dist/css/bootstrap.css HTTP/1.1" 404 196
::1 - - [06/Oct/2024:15:45:14 +0200] "GET /zoo-ARCADIA/habitat-2.html HTTP/1.1" 304 -
::1 - - [06/Oct/2024:15:45:14 +0200] "GET /node_modules/Normalize-css/normalize.css HTTP/1.1" 404 196
::1 - - [06/Oct/2024:15:45:14 +0200] "GET /bootstrap/dist/css/bootstrap.css HTTP/1.1" 404 196
::1 - - [06/Oct/2024:15:45:16 +0200] "GET /node_modules/Normalize-css/normalize.css HTTP/1.1" 404 196
::1 - - [06/Oct/2024:15:45:16 +0200] "GET /bootstrap/dist/css/bootstrap.css HTTP/1.1" 404 196
::1 - - [06/Oct/2024:15:45:20 +0200] "GET /zoo-ARCADIA/habitat-3.html HTTP/1.1" 304 -
::1 - - [06/Oct/2024:15:45:20 +0200] "GET /node_modules/Normalize-css/normalize.css HTTP/1.1" 404 196
::1 - - [06/Oct/2024:15:45:20 +0200] "GET /bootstrap/dist/css/bootstrap.css HTTP/1.1" 404 196
::1 - - [06/Oct/2024:15:45:35 +0200] "GET /zoo-ARCADIA/habitat-3.html HTTP/1.1" 304 -
::1 - - [06/Oct/2024:15:45:35 +0200] "GET /node_modules/Normalize-css/normalize.css HTTP/1.1" 404 196
::1 - - [06/Oct/2024:15:45:35 +0200] "GET /bootstrap/dist/css/bootstrap.css HTTP/1.1" 404 196
::1 - - [06/Oct/2024:15:45:39 +0200] "GET /zoo-ARCADIA/habitat-2.html HTTP/1.1" 304 -
::1 - - [06/Oct/2024:15:45:39 +0200] "GET /node_modules/Normalize-css/normalize.css HTTP/1.1" 404 196
::1 - - [06/Oct/2024:15:45:39 +0200] "GET /bootstrap/dist/css/bootstrap.css HTTP/1.1" 404 196
::1 - - [06/Oct/2024:15:45:42 +0200] "GET /zoo-ARCADIA/habitat-1.html HTTP/1.1" 304 -
::1 - - [06/Oct/2024:15:45:42 +0200] "GET /node_modules/Normalize-css/normalize.css HTTP/1.1" 404 196
::1 - - [06/Oct/2024:15:45:42 +0200] "GET /bootstrap/dist/css/bootstrap.css HTTP/1.1" 404 196
::1 - - [06/Oct/2024:15:45:47 +0200] "GET /node_modules/Normalize-css/normalize.css HTTP/1.1" 404 196
::1 - - [06/Oct/2024:15:45:47 +0200] "GET /bootstrap/dist/css/bootstrap.css HTTP/1.1" 404 196
::1 - - [06/Oct/2024:15:45:51 +0200] "GET /node_modules/Normalize-css/normalize.css HTTP/1.1" 404 196
::1 - - [06/Oct/2024:15:45:51 +0200] "GET /bootstrap/dist/css/bootstrap.css HTTP/1.1" 404 196
::1 - - [06/Oct/2024:15:45:56 +0200] "GET /node_modules/Normalize-css/normalize.css HTTP/1.1" 404 196
::1 - - [06/Oct/2024:15:45:56 +0200] "GET /bootstrap/dist/css/bootstrap.css HTTP/1.1" 404 196
::1 - - [06/Oct/2024:15:53:22 +0200] "GET /zoo-ARCADIA/index.html HTTP/1.1" 200 4251
::1 - - [06/Oct/2024:15:53:22 +0200] "GET /node_modules/Normalize-css/normalize.css HTTP/1.1" 404 196
::1 - - [06/Oct/2024:15:53:22 +0200] "GET /bootstrap/dist/css/bootstrap.css HTTP/1.1" 404 196
::1 - - [06/Oct/2024:15:54:43 +0200] "GET /zoo-ARCADIA/all-animals-habitats.html HTTP/1.1" 200 8030
::1 - - [06/Oct/2024:15:54:43 +0200] "GET /node_modules/Normalize-css/normalize.css HTTP/1.1" 404 196
::1 - - [06/Oct/2024:15:54:43 +0200] "GET /bootstrap/dist/css/bootstrap.css HTTP/1.1" 404 196
::1 - - [06/Oct/2024:15:54:45 +0200] "GET /zoo-ARCADIA/all-animals-habitats.html HTTP/1.1" 304 -
::1 - - [06/Oct/2024:15:54:45 +0200] "GET /node_modules/Normalize-css/normalize.css HTTP/1.1" 404 196
::1 - - [06/Oct/2024:15:54:45 +0200] "GET /bootstrap/dist/css/bootstrap.css HTTP/1.1" 404 196
::1 - - [06/Oct/2024:16:03:56 +0200] "GET /zoo-ARCADIA/index.html HTTP/1.1" 304 -
::1 - - [06/Oct/2024:16:03:56 +0200] "GET /node_modules/Normalize-css/normalize.css HTTP/1.1" 404 196
::1 - - [06/Oct/2024:16:03:56 +0200] "GET /bootstrap/dist/css/bootstrap.css HTTP/1.1" 404 196
::1 - - [06/Oct/2024:16:04:00 +0200] "GET /zoo-ARCADIA/all-animals-habitats.html HTTP/1.1" 304 -
::1 - - [06/Oct/2024:16:04:00 +0200] "GET /node_modules/Normalize-css/normalize.css HTTP/1.1" 404 196
::1 - - [06/Oct/2024:16:04:00 +0200] "GET /bootstrap/dist/css/bootstrap.css HTTP/1.1" 404 196
::1 - - [06/Oct/2024:16:04:11 +0200] "GET /zoo-ARCADIA/all-animals-habitats.html HTTP/1.1" 200 8030
::1 - - [06/Oct/2024:16:04:12 +0200] "GET /node_modules/Normalize-css/normalize.css HTTP/1.1" 404 196
::1 - - [06/Oct/2024:16:04:12 +0200] "GET /bootstrap/dist/css/bootstrap.css HTTP/1.1" 404 196
::1 - - [06/Oct/2024:16:04:12 +0200] "GET /zoo-ARCADIA/all-animals-habitats.html HTTP/1.1" 304 -
::1 - - [06/Oct/2024:16:04:12 +0200] "GET /node_modules/Normalize-css/normalize.css HTTP/1.1" 404 196
::1 - - [06/Oct/2024:16:04:12 +0200] "GET /bootstrap/dist/css/bootstrap.css HTTP/1.1" 404 196
::1 - - [06/Oct/2024:16:04:12 +0200] "GET /zoo-ARCADIA/all-animals-habitats.html HTTP/1.1" 304 -
::1 - - [06/Oct/2024:16:04:12 +0200] "GET /node_modules/Normalize-css/normalize.css HTTP/1.1" 404 196
::1 - - [06/Oct/2024:16:04:12 +0200] "GET /bootstrap/dist/css/bootstrap.css HTTP/1.1" 404 196
::1 - - [06/Oct/2024:16:04:12 +0200] "GET /zoo-ARCADIA/all-animals-habitats.html HTTP/1.1" 304 -
::1 - - [06/Oct/2024:16:04:12 +0200] "GET /node_modules/Normalize-css/normalize.css HTTP/1.1" 404 196
::1 - - [06/Oct/2024:16:04:12 +0200] "GET /bootstrap/dist/css/bootstrap.css HTTP/1.1" 404 196
::1 - - [06/Oct/2024:16:04:15 +0200] "GET /node_modules/Normalize-css/normalize.css HTTP/1.1" 404 196
::1 - - [06/Oct/2024:16:04:15 +0200] "GET /bootstrap/dist/css/bootstrap.css HTTP/1.1" 404 196
::1 - - [06/Oct/2024:16:04:16 +0200] "GET /zoo-ARCADIA/all-animals-habitats.html HTTP/1.1" 304 -
::1 - - [06/Oct/2024:16:04:16 +0200] "GET /node_modules/Normalize-css/normalize.css HTTP/1.1" 404 196
::1 - - [06/Oct/2024:16:04:16 +0200] "GET /bootstrap/dist/css/bootstrap.css HTTP/1.1" 404 196
::1 - - [06/Oct/2024:16:44:40 +0200] "GET /zoo-ARCADIA/index.html HTTP/1.1" 200 4254
::1 - - [06/Oct/2024:16:44:40 +0200] "GET /node_modules/Normalize-css/normalize.css HTTP/1.1" 404 196
::1 - - [06/Oct/2024:16:44:40 +0200] "GET /bootstrap/dist/css/bootstrap.css HTTP/1.1" 404 196
::1 - - [06/Oct/2024:16:44:41 +0200] "GET /zoo-ARCADIA/services.html HTTP/1.1" 200 3312
::1 - - [06/Oct/2024:16:44:41 +0200] "GET /node_modules/Normalize-css/normalize.css HTTP/1.1" 404 196
::1 - - [06/Oct/2024:16:44:41 +0200] "GET /bootstrap/dist/css/bootstrap.css HTTP/1.1" 404 196
::1 - - [06/Oct/2024:16:44:43 +0200] "GET /node_modules/Normalize-css/normalize.css HTTP/1.1" 404 196
::1 - - [06/Oct/2024:16:44:43 +0200] "GET /bootstrap/dist/css/bootstrap.css HTTP/1.1" 404 196
::1 - - [06/Oct/2024:16:44:50 +0200] "GET /node_modules/Normalize-css/normalize.css HTTP/1.1" 404 196
::1 - - [06/Oct/2024:16:44:50 +0200] "GET /bootstrap/dist/css/bootstrap.css HTTP/1.1" 404 196
::1 - - [06/Oct/2024:16:44:52 +0200] "GET /node_modules/Normalize-css/normalize.css HTTP/1.1" 404 196
::1 - - [06/Oct/2024:16:44:52 +0200] "GET /bootstrap/dist/css/bootstrap.css HTTP/1.1" 404 196
::1 - - [06/Oct/2024:16:44:54 +0200] "GET /zoo-ARCADIA/habitats.html HTTP/1.1" 200 3852
::1 - - [06/Oct/2024:16:44:54 +0200] "GET /node_modules/Normalize-css/normalize.css HTTP/1.1" 404 196
::1 - - [06/Oct/2024:16:44:54 +0200] "GET /bootstrap/dist/css/bootstrap.css HTTP/1.1" 404 196
::1 - - [06/Oct/2024:16:45:01 +0200] "GET /zoo-ARCADIA/all-animals-habitats.html HTTP/1.1" 200 8178
::1 - - [06/Oct/2024:16:45:01 +0200] "GET /node_modules/Normalize-css/normalize.css HTTP/1.1" 404 196
::1 - - [06/Oct/2024:16:45:01 +0200] "GET /bootstrap/dist/css/bootstrap.css HTTP/1.1" 404 196
::1 - - [06/Oct/2024:16:45:08 +0200] "GET /node_modules/Normalize-css/normalize.css HTTP/1.1" 404 196
::1 - - [06/Oct/2024:16:45:08 +0200] "GET /bootstrap/dist/css/bootstrap.css HTTP/1.1" 404 196
::1 - - [06/Oct/2024:16:45:37 +0200] "GET /zoo-ARCADIA/habitats.html HTTP/1.1" 304 -
::1 - - [06/Oct/2024:16:45:37 +0200] "GET /node_modules/Normalize-css/normalize.css HTTP/1.1" 404 196
::1 - - [06/Oct/2024:16:45:37 +0200] "GET /bootstrap/dist/css/bootstrap.css HTTP/1.1" 404 196
::1 - - [06/Oct/2024:16:45:37 +0200] "GET /zoo-ARCADIA/habitats.html HTTP/1.1" 304 -
::1 - - [06/Oct/2024:16:45:38 +0200] "GET /node_modules/Normalize-css/normalize.css HTTP/1.1" 404 196
::1 - - [06/Oct/2024:16:45:38 +0200] "GET /bootstrap/dist/css/bootstrap.css HTTP/1.1" 404 196
::1 - - [06/Oct/2024:16:46:26 +0200] "GET /zoo-ARCADIA/habitats.html HTTP/1.1" 304 -
::1 - - [06/Oct/2024:16:46:26 +0200] "GET /node_modules/Normalize-css/normalize.css HTTP/1.1" 404 196
::1 - - [06/Oct/2024:16:46:26 +0200] "GET /bootstrap/dist/css/bootstrap.css HTTP/1.1" 404 196
::1 - - [06/Oct/2024:16:46:34 +0200] "GET /zoo-ARCADIA/habitats.html HTTP/1.1" 304 -
::1 - - [06/Oct/2024:16:46:34 +0200] "GET /node_modules/Normalize-css/normalize.css HTTP/1.1" 404 196
::1 - - [06/Oct/2024:16:46:34 +0200] "GET /bootstrap/dist/css/bootstrap.css HTTP/1.1" 404 196
::1 - - [06/Oct/2024:16:46:35 +0200] "GET /node_modules/Normalize-css/normalize.css HTTP/1.1" 404 196
::1 - - [06/Oct/2024:16:46:35 +0200] "GET /bootstrap/dist/css/bootstrap.css HTTP/1.1" 404 196
::1 - - [06/Oct/2024:16:46:39 +0200] "GET /node_modules/Normalize-css/normalize.css HTTP/1.1" 404 196
::1 - - [06/Oct/2024:16:46:39 +0200] "GET /bootstrap/dist/css/bootstrap.css HTTP/1.1" 404 196
::1 - - [06/Oct/2024:16:46:43 +0200] "GET /node_modules/Normalize-css/normalize.css HTTP/1.1" 404 196
::1 - - [06/Oct/2024:16:46:43 +0200] "GET /bootstrap/dist/css/bootstrap.css HTTP/1.1" 404 196
::1 - - [06/Oct/2024:16:47:17 +0200] "GET /node_modules/Normalize-css/normalize.css HTTP/1.1" 404 196
::1 - - [06/Oct/2024:16:47:17 +0200] "GET /bootstrap/dist/css/bootstrap.css HTTP/1.1" 404 196
::1 - - [06/Oct/2024:16:47:21 +0200] "GET /node_modules/Normalize-css/normalize.css HTTP/1.1" 404 196
::1 - - [06/Oct/2024:16:47:21 +0200] "GET /bootstrap/dist/css/bootstrap.css HTTP/1.1" 404 196
::1 - - [06/Oct/2024:16:48:17 +0200] "-" 408 -
::1 - - [06/Oct/2024:16:48:17 +0200] "GET /zoo-ARCADIA/habitats.html HTTP/1.1" 200 3871
::1 - - [06/Oct/2024:16:48:17 +0200] "GET /node_modules/Normalize-css/normalize.css HTTP/1.1" 404 196
::1 - - [06/Oct/2024:16:48:17 +0200] "GET /bootstrap/dist/css/bootstrap.css HTTP/1.1" 404 196
::1 - - [06/Oct/2024:16:49:34 +0200] "GET /zoo-ARCADIA/habitats.html HTTP/1.1" 200 4015
::1 - - [06/Oct/2024:16:49:35 +0200] "GET /node_modules/Normalize-css/normalize.css HTTP/1.1" 404 196
::1 - - [06/Oct/2024:16:49:35 +0200] "GET /bootstrap/dist/css/bootstrap.css HTTP/1.1" 404 196
::1 - - [06/Oct/2024:16:49:35 +0200] "GET /zoo-ARCADIA/index.html HTTP/1.1" 304 -
::1 - - [06/Oct/2024:16:49:35 +0200] "GET /node_modules/Normalize-css/normalize.css HTTP/1.1" 404 196
::1 - - [06/Oct/2024:16:49:35 +0200] "GET /bootstrap/dist/css/bootstrap.css HTTP/1.1" 404 196
::1 - - [06/Oct/2024:17:03:05 +0200] "-" 408 -
::1 - - [06/Oct/2024:17:03:21 +0200] "GET /zoo-ARCADIA/index.html HTTP/1.1" 200 4370
::1 - - [06/Oct/2024:17:03:21 +0200] "GET /node_modules/Normalize-css/normalize.css HTTP/1.1" 404 196
::1 - - [06/Oct/2024:17:03:21 +0200] "GET /bootstrap/dist/css/bootstrap.css HTTP/1.1" 404 196
::1 - - [06/Oct/2024:17:03:23 +0200] "GET /zoo-ARCADIA/all-animals-habitats.html HTTP/1.1" 200 8178
::1 - - [06/Oct/2024:17:03:23 +0200] "GET /node_modules/Normalize-css/normalize.css HTTP/1.1" 404 196
::1 - - [06/Oct/2024:17:03:23 +0200] "GET /bootstrap/dist/css/bootstrap.css HTTP/1.1" 404 196
::1 - - [06/Oct/2024:17:03:28 +0200] "GET /zoo-ARCADIA/index.html HTTP/1.1" 304 -
::1 - - [06/Oct/2024:17:03:28 +0200] "GET /node_modules/Normalize-css/normalize.css HTTP/1.1" 404 196
::1 - - [06/Oct/2024:17:03:28 +0200] "GET /bootstrap/dist/css/bootstrap.css HTTP/1.1" 404 196
::1 - - [06/Oct/2024:17:03:31 +0200] "GET /node_modules/Normalize-css/normalize.css HTTP/1.1" 404 196
::1 - - [06/Oct/2024:17:03:31 +0200] "GET /bootstrap/dist/css/bootstrap.css HTTP/1.1" 404 196
::1 - - [06/Oct/2024:17:03:35 +0200] "GET /zoo-ARCADIA/index.html HTTP/1.1" 304 -
::1 - - [06/Oct/2024:17:03:35 +0200] "GET /node_modules/Normalize-css/normalize.css HTTP/1.1" 404 196
::1 - - [06/Oct/2024:17:03:35 +0200] "GET /bootstrap/dist/css/bootstrap.css HTTP/1.1" 404 196
::1 - - [06/Oct/2024:17:05:18 +0200] "GET /zoo-ARCADIA/index.html HTTP/1.1" 200 4578
::1 - - [06/Oct/2024:17:05:18 +0200] "GET /node_modules/Normalize-css/normalize.css HTTP/1.1" 404 196
::1 - - [06/Oct/2024:17:05:18 +0200] "GET /bootstrap/dist/css/bootstrap.css HTTP/1.1" 404 196
::1 - - [06/Oct/2024:17:05:32 +0200] "GET /zoo-ARCADIA/services.html HTTP/1.1" 304 -
::1 - - [06/Oct/2024:17:05:32 +0200] "GET /node_modules/Normalize-css/normalize.css HTTP/1.1" 404 196
::1 - - [06/Oct/2024:17:05:32 +0200] "GET /bootstrap/dist/css/bootstrap.css HTTP/1.1" 404 196
::1 - - [06/Oct/2024:17:05:38 +0200] "GET /zoo-ARCADIA/index.html HTTP/1.1" 304 -
::1 - - [06/Oct/2024:17:05:38 +0200] "GET /node_modules/Normalize-css/normalize.css HTTP/1.1" 404 196
::1 - - [06/Oct/2024:17:05:38 +0200] "GET /bootstrap/dist/css/bootstrap.css HTTP/1.1" 404 196
::1 - - [06/Oct/2024:17:05:40 +0200] "GET /zoo-ARCADIA/habitats.html HTTP/1.1" 304 -
::1 - - [06/Oct/2024:17:05:40 +0200] "GET /node_modules/Normalize-css/normalize.css HTTP/1.1" 404 196
::1 - - [06/Oct/2024:17:05:40 +0200] "GET /bootstrap/dist/css/bootstrap.css HTTP/1.1" 404 196
::1 - - [06/Oct/2024:17:06:05 +0200] "GET /zoo-ARCADIA/index.html HTTP/1.1" 304 -
::1 - - [06/Oct/2024:17:06:05 +0200] "GET /node_modules/Normalize-css/normalize.css HTTP/1.1" 404 196
::1 - - [06/Oct/2024:17:06:05 +0200] "GET /bootstrap/dist/css/bootstrap.css HTTP/1.1" 404 196
::1 - - [06/Oct/2024:17:06:21 +0200] "GET /zoo-ARCADIA/all-animals-habitats.html HTTP/1.1" 304 -
::1 - - [06/Oct/2024:17:06:21 +0200] "GET /node_modules/Normalize-css/normalize.css HTTP/1.1" 404 196
::1 - - [06/Oct/2024:17:06:21 +0200] "GET /bootstrap/dist/css/bootstrap.css HTTP/1.1" 404 196
::1 - - [06/Oct/2024:17:06:47 +0200] "GET /zoo-ARCADIA/index.html HTTP/1.1" 304 -
::1 - - [06/Oct/2024:17:06:47 +0200] "GET /node_modules/Normalize-css/normalize.css HTTP/1.1" 404 196
::1 - - [06/Oct/2024:17:06:47 +0200] "GET /bootstrap/dist/css/bootstrap.css HTTP/1.1" 404 196
::1 - - [06/Oct/2024:17:06:56 +0200] "GET /node_modules/Normalize-css/normalize.css HTTP/1.1" 404 196
::1 - - [06/Oct/2024:17:06:56 +0200] "GET /bootstrap/dist/css/bootstrap.css HTTP/1.1" 404 196
::1 - - [06/Oct/2024:17:07:08 +0200] "GET /node_modules/Normalize-css/normalize.css HTTP/1.1" 404 196
::1 - - [06/Oct/2024:17:07:08 +0200] "GET /bootstrap/dist/css/bootstrap.css HTTP/1.1" 404 196
::1 - - [06/Oct/2024:17:07:13 +0200] "GET /node_modules/Normalize-css/normalize.css HTTP/1.1" 404 196
::1 - - [06/Oct/2024:17:07:13 +0200] "GET /bootstrap/dist/css/bootstrap.css HTTP/1.1" 404 196
::1 - - [06/Oct/2024:17:08:08 +0200] "-" 408 -
::1 - - [06/Oct/2024:17:14:35 +0200] "GET /zoo-ARCADIA/index.html HTTP/1.1" 200 4578
::1 - - [06/Oct/2024:17:14:35 +0200] "GET /node_modules/Normalize-css/normalize.css HTTP/1.1" 404 196
::1 - - [06/Oct/2024:17:14:35 +0200] "GET /bootstrap/dist/css/bootstrap.css HTTP/1.1" 404 196
::1 - - [06/Oct/2024:17:14:40 +0200] "GET /zoo-ARCADIA/services.html HTTP/1.1" 304 -
::1 - - [06/Oct/2024:17:14:40 +0200] "GET /node_modules/Normalize-css/normalize.css HTTP/1.1" 404 196
::1 - - [06/Oct/2024:17:14:40 +0200] "GET /bootstrap/dist/css/bootstrap.css HTTP/1.1" 404 196
::1 - - [06/Oct/2024:17:14:45 +0200] "GET /zoo-ARCADIA/habitats.html HTTP/1.1" 304 -
::1 - - [06/Oct/2024:17:14:45 +0200] "GET /node_modules/Normalize-css/normalize.css HTTP/1.1" 404 196
::1 - - [06/Oct/2024:17:14:45 +0200] "GET /bootstrap/dist/css/bootstrap.css HTTP/1.1" 404 196
::1 - - [06/Oct/2024:17:14:50 +0200] "GET /node_modules/Normalize-css/normalize.css HTTP/1.1" 404 196
::1 - - [06/Oct/2024:17:14:50 +0200] "GET /bootstrap/dist/css/bootstrap.css HTTP/1.1" 404 196
::1 - - [06/Oct/2024:17:14:52 +0200] "GET /zoo-ARCADIA/all-animals-habitats.html HTTP/1.1" 304 -
::1 - - [06/Oct/2024:17:14:52 +0200] "GET /node_modules/Normalize-css/normalize.css HTTP/1.1" 404 196
::1 - - [06/Oct/2024:17:14:52 +0200] "GET /bootstrap/dist/css/bootstrap.css HTTP/1.1" 404 196
::1 - - [06/Oct/2024:17:15:01 +0200] "GET /node_modules/Normalize-css/normalize.css HTTP/1.1" 404 196
::1 - - [06/Oct/2024:17:15:01 +0200] "GET /bootstrap/dist/css/bootstrap.css HTTP/1.1" 404 196
::1 - - [06/Oct/2024:17:15:14 +0200] "GET /node_modules/Normalize-css/normalize.css HTTP/1.1" 404 196
::1 - - [06/Oct/2024:17:15:14 +0200] "GET /bootstrap/dist/css/bootstrap.css HTTP/1.1" 404 196
::1 - - [06/Oct/2024:17:15:22 +0200] "GET /node_modules/Normalize-css/normalize.css HTTP/1.1" 404 196
::1 - - [06/Oct/2024:17:15:22 +0200] "GET /bootstrap/dist/css/bootstrap.css HTTP/1.1" 404 196
::1 - - [06/Oct/2024:17:15:32 +0200] "GET /node_modules/Normalize-css/normalize.css HTTP/1.1" 404 196
::1 - - [06/Oct/2024:17:15:32 +0200] "GET /bootstrap/dist/css/bootstrap.css HTTP/1.1" 404 196
::1 - - [06/Oct/2024:17:15:33 +0200] "GET /zoo-ARCADIA/habitat-1.html HTTP/1.1" 200 8278
::1 - - [06/Oct/2024:17:15:33 +0200] "GET /node_modules/Normalize-css/normalize.css HTTP/1.1" 404 196
::1 - - [06/Oct/2024:17:15:33 +0200] "GET /bootstrap/dist/css/bootstrap.css HTTP/1.1" 404 196
::1 - - [06/Oct/2024:17:16:02 +0200] "GET /zoo-ARCADIA/habitat-2.html HTTP/1.1" 200 8256
::1 - - [06/Oct/2024:17:16:02 +0200] "GET /node_modules/Normalize-css/normalize.css HTTP/1.1" 404 196
::1 - - [06/Oct/2024:17:16:02 +0200] "GET /bootstrap/dist/css/bootstrap.css HTTP/1.1" 404 196
::1 - - [06/Oct/2024:17:16:17 +0200] "GET /node_modules/Normalize-css/normalize.css HTTP/1.1" 404 196
::1 - - [06/Oct/2024:17:16:17 +0200] "GET /bootstrap/dist/css/bootstrap.css HTTP/1.1" 404 196
::1 - - [06/Oct/2024:17:16:19 +0200] "GET /zoo-ARCADIA/habitat-3.html HTTP/1.1" 200 7968
::1 - - [06/Oct/2024:17:16:19 +0200] "GET /node_modules/Normalize-css/normalize.css HTTP/1.1" 404 196
::1 - - [06/Oct/2024:17:16:19 +0200] "GET /bootstrap/dist/css/bootstrap.css HTTP/1.1" 404 196
::1 - - [06/Oct/2024:17:16:38 +0200] "GET /node_modules/Normalize-css/normalize.css HTTP/1.1" 404 196
::1 - - [06/Oct/2024:17:16:38 +0200] "GET /bootstrap/dist/css/bootstrap.css HTTP/1.1" 404 196
::1 - - [06/Oct/2024:17:16:41 +0200] "GET /node_modules/Normalize-css/normalize.css HTTP/1.1" 404 196
::1 - - [06/Oct/2024:17:16:41 +0200] "GET /bootstrap/dist/css/bootstrap.css HTTP/1.1" 404 196
::1 - - [06/Oct/2024:17:16:49 +0200] "GET /node_modules/Normalize-css/normalize.css HTTP/1.1" 404 196
::1 - - [06/Oct/2024:17:16:49 +0200] "GET /bootstrap/dist/css/bootstrap.css HTTP/1.1" 404 196
::1 - - [06/Oct/2024:17:16:53 +0200] "GET /node_modules/Normalize-css/normalize.css HTTP/1.1" 404 196
::1 - - [06/Oct/2024:17:16:53 +0200] "GET /bootstrap/dist/css/bootstrap.css HTTP/1.1" 404 196
::1 - - [06/Oct/2024:17:17:44 +0200] "GET /zoo-ARCADIA/habitat-3.html HTTP/1.1" 200 8216
::1 - - [06/Oct/2024:17:17:45 +0200] "GET /node_modules/Normalize-css/normalize.css HTTP/1.1" 404 196
::1 - - [06/Oct/2024:17:17:45 +0200] "GET /bootstrap/dist/css/bootstrap.css HTTP/1.1" 404 196
::1 - - [06/Oct/2024:18:00:01 +0200] "GET / HTTP/1.1" 200 321
::1 - - [06/Oct/2024:18:00:03 +0200] "GET /zoo-ARCADIA/ HTTP/1.1" 200 4578
::1 - - [06/Oct/2024:18:00:03 +0200] "GET /node_modules/Normalize-css/normalize.css HTTP/1.1" 404 196
::1 - - [06/Oct/2024:18:00:03 +0200] "GET /bootstrap/dist/css/bootstrap.css HTTP/1.1" 404 196
::1 - - [06/Oct/2024:18:01:01 +0200] "-" 408 -
::1 - - [06/Oct/2024:18:01:22 +0200] "GET / HTTP/1.1" 200 321
::1 - - [06/Oct/2024:18:01:29 +0200] "GET /node_modules/Normalize-css/normalize.css HTTP/1.1" 404 196
::1 - - [06/Oct/2024:18:01:29 +0200] "GET /bootstrap/dist/css/bootstrap.css HTTP/1.1" 404 196
::1 - - [06/Oct/2024:18:01:45 +0200] "GET /login.html HTTP/1.1" 404 196
::1 - - [06/Oct/2024:18:01:54 +0200] "GET /zoo-arcadia/login.html HTTP/1.1" 200 1826
::1 - - [06/Oct/2024:18:01:54 +0200] "GET /node_modules/Normalize-css/normalize.css HTTP/1.1" 404 196
::1 - - [06/Oct/2024:18:01:54 +0200] "GET /bootstrap/dist/css/bootstrap.css HTTP/1.1" 404 196
::1 - - [06/Oct/2024:18:01:54 +0200] "GET /zoo-arcadia/src/css/styles.css HTTP/1.1" 200 -
::1 - - [06/Oct/2024:18:02:14 +0200] "GET /zoo-arcadia/login.html HTTP/1.1" 200 1848
::1 - - [06/Oct/2024:18:02:14 +0200] "GET /node_modules/Normalize-css/normalize.css HTTP/1.1" 404 196
::1 - - [06/Oct/2024:18:02:14 +0200] "GET /bootstrap/dist/css/bootstrap.css HTTP/1.1" 404 196
::1 - - [06/Oct/2024:18:02:20 +0200] "GET /zoo-arcadia/login.html HTTP/1.1" 200 1870
::1 - - [06/Oct/2024:18:02:20 +0200] "GET /node_modules/Normalize-css/normalize.css HTTP/1.1" 404 196
::1 - - [06/Oct/2024:18:02:20 +0200] "GET /bootstrap/dist/css/bootstrap.css HTTP/1.1" 404 196
::1 - - [06/Oct/2024:18:02:30 +0200] "GET /zoo-arcadia/login.html HTTP/1.1" 200 1914
::1 - - [06/Oct/2024:18:02:30 +0200] "GET /node_modules/Normalize-css/normalize.css HTTP/1.1" 404 196
::1 - - [06/Oct/2024:18:02:30 +0200] "GET /bootstrap/dist/css/bootstrap.css HTTP/1.1" 404 196
::1 - - [06/Oct/2024:18:02:45 +0200] "GET /zoo-arcadia/login.html HTTP/1.1" 200 1936
::1 - - [06/Oct/2024:18:02:45 +0200] "GET /node_modules/Normalize-css/normalize.css HTTP/1.1" 404 196
::1 - - [06/Oct/2024:18:02:45 +0200] "GET /bootstrap/dist/css/bootstrap.css HTTP/1.1" 404 196
::1 - - [06/Oct/2024:18:02:54 +0200] "GET /zoo-arcadia/login.html HTTP/1.1" 200 1952
::1 - - [06/Oct/2024:18:02:54 +0200] "GET /node_modules/Normalize-css/normalize.css HTTP/1.1" 404 196
::1 - - [06/Oct/2024:18:02:54 +0200] "GET /bootstrap/dist/css/bootstrap.css HTTP/1.1" 404 196
::1 - - [06/Oct/2024:18:15:39 +0200] "GET / HTTP/1.1" 200 321
::1 - - [06/Oct/2024:18:15:41 +0200] "GET /zoo-ARCADIA/ HTTP/1.1" 304 -
::1 - - [06/Oct/2024:18:15:41 +0200] "GET /node_modules/Normalize-css/normalize.css HTTP/1.1" 404 196
::1 - - [06/Oct/2024:18:15:41 +0200] "GET /bootstrap/dist/css/bootstrap.css HTTP/1.1" 404 196
::1 - - [06/Oct/2024:18:16:39 +0200] "-" 408 -
::1 - - [06/Oct/2024:18:17:48 +0200] "GET /zoo-ARCADIA/all-animals-habitats.html HTTP/1.1" 304 -
::1 - - [06/Oct/2024:18:17:48 +0200] "GET /node_modules/Normalize-css/normalize.css HTTP/1.1" 404 196
::1 - - [06/Oct/2024:18:17:48 +0200] "GET /bootstrap/dist/css/bootstrap.css HTTP/1.1" 404 196
::1 - - [06/Oct/2024:18:17:50 +0200] "GET /zoo-ARCADIA/habitats.html HTTP/1.1" 200 4028
::1 - - [06/Oct/2024:18:17:50 +0200] "GET /node_modules/Normalize-css/normalize.css HTTP/1.1" 404 196
::1 - - [06/Oct/2024:18:17:50 +0200] "GET /bootstrap/dist/css/bootstrap.css HTTP/1.1" 404 196
::1 - - [06/Oct/2024:18:17:51 +0200] "GET /node_modules/Normalize-css/normalize.css HTTP/1.1" 404 196
::1 - - [06/Oct/2024:18:17:51 +0200] "GET /bootstrap/dist/css/bootstrap.css HTTP/1.1" 404 196
::1 - - [06/Oct/2024:18:20:28 +0200] "GET /zoo-ARCADIA/index.html HTTP/1.1" 304 -
::1 - - [06/Oct/2024:18:20:28 +0200] "GET /node_modules/Normalize-css/normalize.css HTTP/1.1" 404 196
::1 - - [06/Oct/2024:18:20:28 +0200] "GET /bootstrap/dist/css/bootstrap.css HTTP/1.1" 404 196
::1 - - [06/Oct/2024:18:20:32 +0200] "GET /zoo-ARCADIA/index.html HTTP/1.1" 304 -
::1 - - [06/Oct/2024:18:20:32 +0200] "GET /node_modules/Normalize-css/normalize.css HTTP/1.1" 404 196
::1 - - [06/Oct/2024:18:20:32 +0200] "GET /bootstrap/dist/css/bootstrap.css HTTP/1.1" 404 196
::1 - - [06/Oct/2024:18:22:06 +0200] "GET /zoo-ARCADIA/index.html HTTP/1.1" 200 4591
::1 - - [06/Oct/2024:18:22:06 +0200] "GET /node_modules/Normalize-css/normalize.css HTTP/1.1" 404 196
::1 - - [06/Oct/2024:18:22:06 +0200] "GET /bootstrap/dist/css/bootstrap.css HTTP/1.1" 404 196
::1 - - [06/Oct/2024:18:22:06 +0200] "GET /zoo-ARCADIA/index.html HTTP/1.1" 304 -
::1 - - [06/Oct/2024:18:22:06 +0200] "GET /node_modules/Normalize-css/normalize.css HTTP/1.1" 404 196
::1 - - [06/Oct/2024:18:22:06 +0200] "GET /bootstrap/dist/css/bootstrap.css HTTP/1.1" 404 196
::1 - - [06/Oct/2024:18:22:06 +0200] "GET /zoo-ARCADIA/index.html HTTP/1.1" 304 -
::1 - - [06/Oct/2024:18:22:06 +0200] "GET /node_modules/Normalize-css/normalize.css HTTP/1.1" 404 196
::1 - - [06/Oct/2024:18:22:06 +0200] "GET /bootstrap/dist/css/bootstrap.css HTTP/1.1" 404 196
::1 - - [06/Oct/2024:18:22:09 +0200] "GET /zoo-ARCADIA/contact.html HTTP/1.1" 200 2757
::1 - - [06/Oct/2024:18:22:09 +0200] "GET /node_modules/Normalize-css/normalize.css HTTP/1.1" 404 196
::1 - - [06/Oct/2024:18:22:09 +0200] "GET /bootstrap/dist/css/bootstrap.css HTTP/1.1" 404 196
::1 - - [06/Oct/2024:18:22:49 +0200] "GET /zoo-ARCADIA/contact.html HTTP/1.1" 200 2925
::1 - - [06/Oct/2024:18:22:49 +0200] "GET /node_modules/Normalize-css/normalize.css HTTP/1.1" 404 196
::1 - - [06/Oct/2024:18:22:49 +0200] "GET /bootstrap/dist/css/bootstrap.css HTTP/1.1" 404 196
::1 - - [06/Oct/2024:18:23:02 +0200] "GET /zoo-ARCADIA/contact.html HTTP/1.1" 200 3035
::1 - - [06/Oct/2024:18:23:02 +0200] "GET /node_modules/Normalize-css/normalize.css HTTP/1.1" 404 196
::1 - - [06/Oct/2024:18:23:02 +0200] "GET /bootstrap/dist/css/bootstrap.css HTTP/1.1" 404 196
::1 - - [06/Oct/2024:18:23:14 +0200] "GET /zoo-ARCADIA/contact.html HTTP/1.1" 200 3057
::1 - - [06/Oct/2024:18:23:15 +0200] "GET /node_modules/Normalize-css/normalize.css HTTP/1.1" 404 196
::1 - - [06/Oct/2024:18:23:15 +0200] "GET /bootstrap/dist/css/bootstrap.css HTTP/1.1" 404 196
::1 - - [06/Oct/2024:18:23:19 +0200] "GET /zoo-ARCADIA/index.html HTTP/1.1" 304 -
::1 - - [06/Oct/2024:18:23:19 +0200] "GET /node_modules/Normalize-css/normalize.css HTTP/1.1" 404 196
::1 - - [06/Oct/2024:18:23:19 +0200] "GET /bootstrap/dist/css/bootstrap.css HTTP/1.1" 404 196
::1 - - [06/Oct/2024:18:23:22 +0200] "GET /zoo-ARCADIA/services.html HTTP/1.1" 200 3325
::1 - - [06/Oct/2024:18:23:22 +0200] "GET /node_modules/Normalize-css/normalize.css HTTP/1.1" 404 196
::1 - - [06/Oct/2024:18:23:22 +0200] "GET /bootstrap/dist/css/bootstrap.css HTTP/1.1" 404 196
::1 - - [06/Oct/2024:18:23:23 +0200] "GET /zoo-ARCADIA/habitats.html HTTP/1.1" 304 -
::1 - - [06/Oct/2024:18:23:23 +0200] "GET /node_modules/Normalize-css/normalize.css HTTP/1.1" 404 196
::1 - - [06/Oct/2024:18:23:23 +0200] "GET /bootstrap/dist/css/bootstrap.css HTTP/1.1" 404 196
::1 - - [06/Oct/2024:18:23:24 +0200] "GET /node_modules/Normalize-css/normalize.css HTTP/1.1" 404 196
::1 - - [06/Oct/2024:18:23:24 +0200] "GET /bootstrap/dist/css/bootstrap.css HTTP/1.1" 404 196
::1 - - [06/Oct/2024:18:23:32 +0200] "GET /node_modules/Normalize-css/normalize.css HTTP/1.1" 404 196
::1 - - [06/Oct/2024:18:23:32 +0200] "GET /bootstrap/dist/css/bootstrap.css HTTP/1.1" 404 196
::1 - - [06/Oct/2024:18:23:33 +0200] "GET /zoo-ARCADIA/contact.html HTTP/1.1" 304 -
::1 - - [06/Oct/2024:18:23:33 +0200] "GET /node_modules/Normalize-css/normalize.css HTTP/1.1" 404 196
::1 - - [06/Oct/2024:18:23:33 +0200] "GET /bootstrap/dist/css/bootstrap.css HTTP/1.1" 404 196
::1 - - [06/Oct/2024:18:23:35 +0200] "GET /zoo-ARCADIA/index.html HTTP/1.1" 304 -
::1 - - [06/Oct/2024:18:23:36 +0200] "GET /node_modules/Normalize-css/normalize.css HTTP/1.1" 404 196
::1 - - [06/Oct/2024:18:23:36 +0200] "GET /bootstrap/dist/css/bootstrap.css HTTP/1.1" 404 196
::1 - - [06/Oct/2024:18:23:38 +0200] "GET /zoo-ARCADIA/contact.html HTTP/1.1" 304 -
::1 - - [06/Oct/2024:18:23:38 +0200] "GET /node_modules/Normalize-css/normalize.css HTTP/1.1" 404 196
::1 - - [06/Oct/2024:18:23:38 +0200] "GET /bootstrap/dist/css/bootstrap.css HTTP/1.1" 404 196
::1 - - [06/Oct/2024:18:23:39 +0200] "GET /node_modules/Normalize-css/normalize.css HTTP/1.1" 404 196
::1 - - [06/Oct/2024:18:23:39 +0200] "GET /bootstrap/dist/css/bootstrap.css HTTP/1.1" 404 196
::1 - - [06/Oct/2024:18:23:41 +0200] "GET /zoo-ARCADIA/services.html HTTP/1.1" 304 -
::1 - - [06/Oct/2024:18:23:41 +0200] "GET /node_modules/Normalize-css/normalize.css HTTP/1.1" 404 196
::1 - - [06/Oct/2024:18:23:41 +0200] "GET /bootstrap/dist/css/bootstrap.css HTTP/1.1" 404 196
::1 - - [06/Oct/2024:18:23:43 +0200] "GET /zoo-ARCADIA/contact.html HTTP/1.1" 304 -
::1 - - [06/Oct/2024:18:23:43 +0200] "GET /node_modules/Normalize-css/normalize.css HTTP/1.1" 404 196
::1 - - [06/Oct/2024:18:23:43 +0200] "GET /bootstrap/dist/css/bootstrap.css HTTP/1.1" 404 196
::1 - - [06/Oct/2024:18:23:44 +0200] "GET /node_modules/Normalize-css/normalize.css HTTP/1.1" 404 196
::1 - - [06/Oct/2024:18:23:44 +0200] "GET /bootstrap/dist/css/bootstrap.css HTTP/1.1" 404 196
::1 - - [06/Oct/2024:18:23:45 +0200] "GET /node_modules/Normalize-css/normalize.css HTTP/1.1" 404 196
::1 - - [06/Oct/2024:18:23:45 +0200] "GET /bootstrap/dist/css/bootstrap.css HTTP/1.1" 404 196
::1 - - [06/Oct/2024:18:23:46 +0200] "GET /zoo-ARCADIA/contact.html HTTP/1.1" 304 -
::1 - - [06/Oct/2024:18:23:46 +0200] "GET /node_modules/Normalize-css/normalize.css HTTP/1.1" 404 196
::1 - - [06/Oct/2024:18:23:47 +0200] "GET /bootstrap/dist/css/bootstrap.css HTTP/1.1" 404 196
::1 - - [06/Oct/2024:18:23:48 +0200] "GET /node_modules/Normalize-css/normalize.css HTTP/1.1" 404 196
::1 - - [06/Oct/2024:18:23:48 +0200] "GET /bootstrap/dist/css/bootstrap.css HTTP/1.1" 404 196
::1 - - [06/Oct/2024:18:23:49 +0200] "GET /node_modules/Normalize-css/normalize.css HTTP/1.1" 404 196
::1 - - [06/Oct/2024:18:23:49 +0200] "GET /bootstrap/dist/css/bootstrap.css HTTP/1.1" 404 196
::1 - - [06/Oct/2024:18:24:22 +0200] "GET /zoo-ARCADIA/all-animals-habitats.html HTTP/1.1" 200 8191
::1 - - [06/Oct/2024:18:24:22 +0200] "GET /node_modules/Normalize-css/normalize.css HTTP/1.1" 404 196
::1 - - [06/Oct/2024:18:24:22 +0200] "GET /bootstrap/dist/css/bootstrap.css HTTP/1.1" 404 196
::1 - - [06/Oct/2024:18:24:24 +0200] "GET /zoo-ARCADIA/contact.html HTTP/1.1" 304 -
::1 - - [06/Oct/2024:18:24:24 +0200] "GET /node_modules/Normalize-css/normalize.css HTTP/1.1" 404 196
::1 - - [06/Oct/2024:18:24:24 +0200] "GET /bootstrap/dist/css/bootstrap.css HTTP/1.1" 404 196
::1 - - [06/Oct/2024:18:24:25 +0200] "GET /zoo-ARCADIA/index.html HTTP/1.1" 304 -
::1 - - [06/Oct/2024:18:24:26 +0200] "GET /node_modules/Normalize-css/normalize.css HTTP/1.1" 404 196
::1 - - [06/Oct/2024:18:24:26 +0200] "GET /bootstrap/dist/css/bootstrap.css HTTP/1.1" 404 196
::1 - - [06/Oct/2024:18:24:26 +0200] "GET /zoo-ARCADIA/all-animals-habitats.html HTTP/1.1" 304 -
::1 - - [06/Oct/2024:18:24:26 +0200] "GET /node_modules/Normalize-css/normalize.css HTTP/1.1" 404 196
::1 - - [06/Oct/2024:18:24:26 +0200] "GET /bootstrap/dist/css/bootstrap.css HTTP/1.1" 404 196
::1 - - [06/Oct/2024:18:24:27 +0200] "GET /node_modules/Normalize-css/normalize.css HTTP/1.1" 404 196
::1 - - [06/Oct/2024:18:24:27 +0200] "GET /bootstrap/dist/css/bootstrap.css HTTP/1.1" 404 196
::1 - - [06/Oct/2024:18:24:28 +0200] "GET /node_modules/Normalize-css/normalize.css HTTP/1.1" 404 196
::1 - - [06/Oct/2024:18:24:28 +0200] "GET /bootstrap/dist/css/bootstrap.css HTTP/1.1" 404 196
::1 - - [06/Oct/2024:18:24:29 +0200] "GET /zoo-ARCADIA/habitats.html HTTP/1.1" 304 -
::1 - - [06/Oct/2024:18:24:29 +0200] "GET /node_modules/Normalize-css/normalize.css HTTP/1.1" 404 196
::1 - - [06/Oct/2024:18:24:29 +0200] "GET /bootstrap/dist/css/bootstrap.css HTTP/1.1" 404 196
::1 - - [06/Oct/2024:18:24:30 +0200] "GET /node_modules/Normalize-css/normalize.css HTTP/1.1" 404 196
::1 - - [06/Oct/2024:18:24:30 +0200] "GET /bootstrap/dist/css/bootstrap.css HTTP/1.1" 404 196
::1 - - [06/Oct/2024:18:24:30 +0200] "GET /node_modules/Normalize-css/normalize.css HTTP/1.1" 404 196
::1 - - [06/Oct/2024:18:24:30 +0200] "GET /bootstrap/dist/css/bootstrap.css HTTP/1.1" 404 196
::1 - - [06/Oct/2024:18:24:31 +0200] "GET /zoo-ARCADIA/services.html HTTP/1.1" 304 -
::1 - - [06/Oct/2024:18:24:31 +0200] "GET /node_modules/Normalize-css/normalize.css HTTP/1.1" 404 196
::1 - - [06/Oct/2024:18:24:31 +0200] "GET /bootstrap/dist/css/bootstrap.css HTTP/1.1" 404 196
::1 - - [06/Oct/2024:18:24:32 +0200] "GET /zoo-ARCADIA/contact.html HTTP/1.1" 304 -
::1 - - [06/Oct/2024:18:24:32 +0200] "GET /node_modules/Normalize-css/normalize.css HTTP/1.1" 404 196
::1 - - [06/Oct/2024:18:24:32 +0200] "GET /bootstrap/dist/css/bootstrap.css HTTP/1.1" 404 196
::1 - - [06/Oct/2024:18:24:33 +0200] "GET /node_modules/Normalize-css/normalize.css HTTP/1.1" 404 196
::1 - - [06/Oct/2024:18:24:33 +0200] "GET /bootstrap/dist/css/bootstrap.css HTTP/1.1" 404 196
::1 - - [06/Oct/2024:18:24:35 +0200] "GET /node_modules/Normalize-css/normalize.css HTTP/1.1" 404 196
::1 - - [06/Oct/2024:18:24:35 +0200] "GET /bootstrap/dist/css/bootstrap.css HTTP/1.1" 404 196
::1 - - [06/Oct/2024:18:24:36 +0200] "GET /node_modules/Normalize-css/normalize.css HTTP/1.1" 404 196
::1 - - [06/Oct/2024:18:24:36 +0200] "GET /bootstrap/dist/css/bootstrap.css HTTP/1.1" 404 196
::1 - - [06/Oct/2024:18:24:40 +0200] "GET /node_modules/Normalize-css/normalize.css HTTP/1.1" 404 196
::1 - - [06/Oct/2024:18:24:40 +0200] "GET /bootstrap/dist/css/bootstrap.css HTTP/1.1" 404 196
::1 - - [06/Oct/2024:18:24:43 +0200] "GET /node_modules/Normalize-css/normalize.css HTTP/1.1" 404 196
::1 - - [06/Oct/2024:18:24:43 +0200] "GET /bootstrap/dist/css/bootstrap.css HTTP/1.1" 404 196
::1 - - [06/Oct/2024:18:24:47 +0200] "GET /zoo-ARCADIA/all-animals-habitats.html HTTP/1.1" 304 -
::1 - - [06/Oct/2024:18:24:47 +0200] "GET /node_modules/Normalize-css/normalize.css HTTP/1.1" 404 196
::1 - - [06/Oct/2024:18:24:47 +0200] "GET /bootstrap/dist/css/bootstrap.css HTTP/1.1" 404 196
::1 - - [06/Oct/2024:18:25:40 +0200] "-" 408 -
::1 - - [06/Oct/2024:18:28:37 +0200] "GET /zoo-ARCADIA/all-animals-habitats.html HTTP/1.1" 200 9230
::1 - - [06/Oct/2024:18:28:37 +0200] "GET /node_modules/Normalize-css/normalize.css HTTP/1.1" 404 196
::1 - - [06/Oct/2024:18:28:37 +0200] "GET /bootstrap/dist/css/bootstrap.css HTTP/1.1" 404 196
::1 - - [06/Oct/2024:18:28:41 +0200] "GET /zoo-ARCADIA/animal-picked.html HTTP/1.1" 200 5397
::1 - - [06/Oct/2024:18:28:41 +0200] "GET /node_modules/Normalize-css/normalize.css HTTP/1.1" 404 196
::1 - - [06/Oct/2024:18:28:41 +0200] "GET /bootstrap/dist/css/bootstrap.css HTTP/1.1" 404 196
::1 - - [06/Oct/2024:18:32:29 +0200] "GET /zoo-ARCADIA/all-animals-habitats.html HTTP/1.1" 304 -
::1 - - [06/Oct/2024:18:32:29 +0200] "GET /node_modules/Normalize-css/normalize.css HTTP/1.1" 404 196
::1 - - [06/Oct/2024:18:32:29 +0200] "GET /bootstrap/dist/css/bootstrap.css HTTP/1.1" 404 196
::1 - - [06/Oct/2024:18:32:39 +0200] "GET / HTTP/1.1" 200 321
::1 - - [06/Oct/2024:18:32:40 +0200] "GET /zoo-ARCADIA/ HTTP/1.1" 200 4591
::1 - - [06/Oct/2024:18:32:40 +0200] "GET /node_modules/Normalize-css/normalize.css HTTP/1.1" 404 196
::1 - - [06/Oct/2024:18:32:40 +0200] "GET /bootstrap/dist/css/bootstrap.css HTTP/1.1" 404 196
::1 - - [06/Oct/2024:18:32:52 +0200] "GET /zoo-ARCADIA/habitats.html HTTP/1.1" 304 -
::1 - - [06/Oct/2024:18:32:52 +0200] "GET /node_modules/Normalize-css/normalize.css HTTP/1.1" 404 196
::1 - - [06/Oct/2024:18:32:52 +0200] "GET /bootstrap/dist/css/bootstrap.css HTTP/1.1" 404 196
::1 - - [06/Oct/2024:18:32:55 +0200] "GET /zoo-ARCADIA/habitat-1.html HTTP/1.1" 200 8823
::1 - - [06/Oct/2024:18:32:55 +0200] "GET /node_modules/Normalize-css/normalize.css HTTP/1.1" 404 196
::1 - - [06/Oct/2024:18:32:55 +0200] "GET /bootstrap/dist/css/bootstrap.css HTTP/1.1" 404 196
::1 - - [06/Oct/2024:18:33:01 +0200] "GET /zoo-ARCADIA/animal-picked.html HTTP/1.1" 304 -
::1 - - [06/Oct/2024:18:33:01 +0200] "GET /node_modules/Normalize-css/normalize.css HTTP/1.1" 404 196
::1 - - [06/Oct/2024:18:33:01 +0200] "GET /bootstrap/dist/css/bootstrap.css HTTP/1.1" 404 196
::1 - - [06/Oct/2024:18:33:11 +0200] "GET /zoo-ARCADIA/habitat-2.html HTTP/1.1" 200 8801
::1 - - [06/Oct/2024:18:33:11 +0200] "GET /node_modules/Normalize-css/normalize.css HTTP/1.1" 404 196
::1 - - [06/Oct/2024:18:33:11 +0200] "GET /bootstrap/dist/css/bootstrap.css HTTP/1.1" 404 196
::1 - - [06/Oct/2024:18:33:14 +0200] "GET /node_modules/Normalize-css/normalize.css HTTP/1.1" 404 196
::1 - - [06/Oct/2024:18:33:14 +0200] "GET /bootstrap/dist/css/bootstrap.css HTTP/1.1" 404 196
::1 - - [06/Oct/2024:18:33:20 +0200] "GET /zoo-ARCADIA/habitat-3.html HTTP/1.1" 200 8767
::1 - - [06/Oct/2024:18:33:20 +0200] "GET /node_modules/Normalize-css/normalize.css HTTP/1.1" 404 196
::1 - - [06/Oct/2024:18:33:20 +0200] "GET /bootstrap/dist/css/bootstrap.css HTTP/1.1" 404 196
::1 - - [06/Oct/2024:18:33:24 +0200] "GET /node_modules/Normalize-css/normalize.css HTTP/1.1" 404 196
::1 - - [06/Oct/2024:18:33:24 +0200] "GET /bootstrap/dist/css/bootstrap.css HTTP/1.1" 404 196
::1 - - [06/Oct/2024:18:33:45 +0200] "GET /zoo-ARCADIA/index.html HTTP/1.1" 304 -
::1 - - [06/Oct/2024:18:33:45 +0200] "GET /node_modules/Normalize-css/normalize.css HTTP/1.1" 404 196
::1 - - [06/Oct/2024:18:33:45 +0200] "GET /bootstrap/dist/css/bootstrap.css HTTP/1.1" 404 196
::1 - - [06/Oct/2024:18:33:48 +0200] "GET /zoo-ARCADIA/services.html HTTP/1.1" 304 -
::1 - - [06/Oct/2024:18:33:48 +0200] "GET /node_modules/Normalize-css/normalize.css HTTP/1.1" 404 196
::1 - - [06/Oct/2024:18:33:48 +0200] "GET /bootstrap/dist/css/bootstrap.css HTTP/1.1" 404 196
::1 - - [06/Oct/2024:18:33:53 +0200] "GET /node_modules/Normalize-css/normalize.css HTTP/1.1" 404 196
::1 - - [06/Oct/2024:18:33:53 +0200] "GET /bootstrap/dist/css/bootstrap.css HTTP/1.1" 404 196
::1 - - [06/Oct/2024:18:33:56 +0200] "GET /zoo-ARCADIA/all-animals-habitats.html HTTP/1.1" 304 -
::1 - - [06/Oct/2024:18:33:56 +0200] "GET /node_modules/Normalize-css/normalize.css HTTP/1.1" 404 196
::1 - - [06/Oct/2024:18:33:56 +0200] "GET /bootstrap/dist/css/bootstrap.css HTTP/1.1" 404 196
::1 - - [06/Oct/2024:18:34:00 +0200] "GET /node_modules/Normalize-css/normalize.css HTTP/1.1" 404 196
::1 - - [06/Oct/2024:18:34:00 +0200] "GET /bootstrap/dist/css/bootstrap.css HTTP/1.1" 404 196
::1 - - [06/Oct/2024:18:34:06 +0200] "GET /zoo-ARCADIA/contact.html HTTP/1.1" 304 -
::1 - - [06/Oct/2024:18:34:06 +0200] "GET /node_modules/Normalize-css/normalize.css HTTP/1.1" 404 196
::1 - - [06/Oct/2024:18:34:06 +0200] "GET /bootstrap/dist/css/bootstrap.css HTTP/1.1" 404 196
::1 - - [06/Oct/2024:18:34:09 +0200] "GET /node_modules/Normalize-css/normalize.css HTTP/1.1" 404 196
::1 - - [06/Oct/2024:18:34:09 +0200] "GET /bootstrap/dist/css/bootstrap.css HTTP/1.1" 404 196
::1 - - [06/Oct/2024:18:34:42 +0200] "GET /zoo-ARCADIA/all-animals-habitats.html HTTP/1.1" 304 -
::1 - - [06/Oct/2024:18:34:42 +0200] "GET /node_modules/Normalize-css/normalize.css HTTP/1.1" 404 196
::1 - - [06/Oct/2024:18:34:42 +0200] "GET /bootstrap/dist/css/bootstrap.css HTTP/1.1" 404 196
::1 - - [06/Oct/2024:18:34:46 +0200] "GET /zoo-ARCADIA/animal-picked.html HTTP/1.1" 304 -
::1 - - [06/Oct/2024:18:34:46 +0200] "GET /node_modules/Normalize-css/normalize.css HTTP/1.1" 404 196
::1 - - [06/Oct/2024:18:34:46 +0200] "GET /bootstrap/dist/css/bootstrap.css HTTP/1.1" 404 196
::1 - - [09/Oct/2024:00:55:07 +0200] "GET / HTTP/1.1" 200 321
::1 - - [09/Oct/2024:00:55:07 +0200] "GET /favicon.ico HTTP/1.1" 404 196
::1 - - [09/Oct/2024:00:55:09 +0200] "GET /zoo-ARCADIA/ HTTP/1.1" 200 270
::1 - - [09/Oct/2024:00:55:09 +0200] "GET /zoo-ARCADIA/dist/css/app.css HTTP/1.1" 200 38
::1 - - [09/Oct/2024:00:55:17 +0200] "GET /zoo-ARCADIA/ HTTP/1.1" 304 -
::1 - - [09/Oct/2024:00:55:20 +0200] "GET /zoo-ARCADIA/ HTTP/1.1" 304 -
::1 - - [09/Oct/2024:00:55:22 +0200] "GET /zoo-ARCADIA/ HTTP/1.1" 304 -
::1 - - [09/Oct/2024:00:55:25 +0200] "GET /zoo-ARCADIA/ HTTP/1.1" 200 279
::1 - - [09/Oct/2024:00:56:17 +0200] "-" 408 -
::1 - - [09/Oct/2024:00:56:29 +0200] "GET /zoo-ARCADIA/ HTTP/1.1" 304 -
::1 - - [09/Oct/2024:00:56:29 +0200] "GET /zoo-ARCADIA/dist/css/app.css HTTP/1.1" 304 -
::1 - - [09/Oct/2024:00:56:30 +0200] "GET /zoo-ARCADIA/ HTTP/1.1" 304 -
::1 - - [09/Oct/2024:00:57:29 +0200] "-" 408 -
::1 - - [09/Oct/2024:00:58:10 +0200] "GET /zoo-ARCADIA/ HTTP/1.1" 304 -
::1 - - [09/Oct/2024:00:58:10 +0200] "GET /zoo-ARCADIA/dist/css/app.css HTTP/1.1" 304 -
::1 - - [09/Oct/2024:00:58:10 +0200] "GET /zoo-ARCADIA/ HTTP/1.1" 304 -
::1 - - [09/Oct/2024:00:58:10 +0200] "GET /zoo-ARCADIA/ HTTP/1.1" 304 -
::1 - - [09/Oct/2024:00:58:11 +0200] "GET /zoo-ARCADIA/ HTTP/1.1" 304 -
::1 - - [09/Oct/2024:00:59:10 +0200] "-" 408 -
::1 - - [09/Oct/2024:01:00:06 +0200] "GET /zoo-ARCADIA/ HTTP/1.1" 304 -
::1 - - [09/Oct/2024:01:00:06 +0200] "GET /zoo-ARCADIA/dist/css/app.css HTTP/1.1" 304 -
::1 - - [09/Oct/2024:01:00:06 +0200] "GET /zoo-ARCADIA/ HTTP/1.1" 304 -
::1 - - [09/Oct/2024:01:01:06 +0200] "-" 408 -
::1 - - [09/Oct/2024:01:01:20 +0200] "GET /zoo-ARCADIA/ HTTP/1.1" 304 -
::1 - - [09/Oct/2024:01:01:20 +0200] "GET /zoo-ARCADIA/dist/css/app.css HTTP/1.1" 304 -
::1 - - [09/Oct/2024:01:01:22 +0200] "GET /zoo-ARCADIA/ HTTP/1.1" 304 -
::1 - - [09/Oct/2024:01:01:22 +0200] "GET /zoo-ARCADIA/ HTTP/1.1" 304 -
::1 - - [09/Oct/2024:01:01:22 +0200] "GET /zoo-ARCADIA/ HTTP/1.1" 304 -
::1 - - [09/Oct/2024:01:01:23 +0200] "GET /zoo-ARCADIA/ HTTP/1.1" 304 -
::1 - - [09/Oct/2024:01:01:23 +0200] "GET /zoo-ARCADIA/ HTTP/1.1" 304 -
::1 - - [09/Oct/2024:01:01:23 +0200] "GET /zoo-ARCADIA/ HTTP/1.1" 304 -
::1 - - [09/Oct/2024:01:01:24 +0200] "GET /zoo-ARCADIA/ HTTP/1.1" 304 -
::1 - - [09/Oct/2024:01:01:24 +0200] "GET /zoo-ARCADIA/ HTTP/1.1" 304 -
::1 - - [09/Oct/2024:01:01:25 +0200] "GET /zoo-ARCADIA/ HTTP/1.1" 304 -
::1 - - [09/Oct/2024:01:01:35 +0200] "GET /zoo-ARCADIA/ HTTP/1.1" 200 278
::1 - - [09/Oct/2024:01:01:35 +0200] "GET /dist/css/app.css HTTP/1.1" 404 196
::1 - - [09/Oct/2024:01:01:36 +0200] "GET /zoo-ARCADIA/ HTTP/1.1" 304 -
::1 - - [09/Oct/2024:01:01:36 +0200] "GET /dist/css/app.css HTTP/1.1" 404 196
::1 - - [09/Oct/2024:01:01:44 +0200] "GET /zoo-ARCADIA/ HTTP/1.1" 304 -
::1 - - [09/Oct/2024:01:01:44 +0200] "GET /dist/css/app.css HTTP/1.1" 404 196
::1 - - [09/Oct/2024:01:01:45 +0200] "GET /zoo-ARCADIA/ HTTP/1.1" 304 -
::1 - - [09/Oct/2024:01:01:45 +0200] "GET /dist/css/app.css HTTP/1.1" 404 196
::1 - - [09/Oct/2024:01:01:46 +0200] "GET /zoo-ARCADIA/ HTTP/1.1" 304 -
::1 - - [09/Oct/2024:01:01:46 +0200] "GET /dist/css/app.css HTTP/1.1" 404 196
::1 - - [09/Oct/2024:01:02:30 +0200] "GET /zoo-ARCADIA/ HTTP/1.1" 304 -
::1 - - [09/Oct/2024:01:02:31 +0200] "GET /dist/css/app.css HTTP/1.1" 404 196
::1 - - [09/Oct/2024:01:02:32 +0200] "GET /zoo-ARCADIA/ HTTP/1.1" 304 -
::1 - - [09/Oct/2024:01:02:32 +0200] "GET /dist/css/app.css HTTP/1.1" 404 196
::1 - - [09/Oct/2024:01:02:32 +0200] "GET /zoo-ARCADIA/ HTTP/1.1" 304 -
::1 - - [09/Oct/2024:01:02:32 +0200] "GET /dist/css/app.css HTTP/1.1" 404 196
::1 - - [09/Oct/2024:01:02:33 +0200] "GET /zoo-ARCADIA/ HTTP/1.1" 304 -
::1 - - [09/Oct/2024:01:02:33 +0200] "GET /dist/css/app.css HTTP/1.1" 404 196
::1 - - [09/Oct/2024:01:02:33 +0200] "GET /zoo-ARCADIA/ HTTP/1.1" 304 -
::1 - - [09/Oct/2024:01:02:33 +0200] "GET /dist/css/app.css HTTP/1.1" 404 196
::1 - - [09/Oct/2024:01:03:30 +0200] "-" 408 -
::1 - - [12/Oct/2024:14:52:52 +0200] "GET / HTTP/1.1" 200 321
::1 - - [12/Oct/2024:14:52:52 +0200] "GET /favicon.ico HTTP/1.1" 404 196
::1 - - [12/Oct/2024:14:52:54 +0200] "GET /zoo-ARCADIA/ HTTP/1.1" 200 4432
::1 - - [12/Oct/2024:14:52:54 +0200] "GET /node_modules/Normalize-css/normalize.css HTTP/1.1" 404 196
::1 - - [12/Oct/2024:14:52:54 +0200] "GET /zoo-ARCADIA/build/css/app.css HTTP/1.1" 200 203
::1 - - [12/Oct/2024:14:52:54 +0200] "GET /bootstrap/dist/css/bootstrap.css HTTP/1.1" 404 196
::1 - - [12/Oct/2024:14:52:54 +0200] "GET /src/assets/fonts/Fun-City-Level-3-Basic.ttf HTTP/1.1" 404 196
::1 - - [12/Oct/2024:14:52:54 +0200] "GET /src/assets/images/favicon.png HTTP/1.1" 404 196
::1 - - [12/Oct/2024:14:52:54 +0200] "GET /src/assets/images/favicon.svg HTTP/1.1" 404 196
::1 - - [12/Oct/2024:14:53:08 +0200] "GET /zoo-ARCADIA/ HTTP/1.1" 304 -
::1 - - [12/Oct/2024:14:53:08 +0200] "GET /node_modules/Normalize-css/normalize.css HTTP/1.1" 404 196
::1 - - [12/Oct/2024:14:53:08 +0200] "GET /bootstrap/dist/css/bootstrap.css HTTP/1.1" 404 196
::1 - - [12/Oct/2024:14:53:08 +0200] "GET /src/assets/fonts/Fun-City-Level-3-Basic.ttf HTTP/1.1" 404 196
::1 - - [12/Oct/2024:14:53:23 +0200] "GET /zoo-ARCADIA/ HTTP/1.1" 304 -
::1 - - [12/Oct/2024:14:53:23 +0200] "GET /node_modules/Normalize-css/normalize.css HTTP/1.1" 404 196
::1 - - [12/Oct/2024:14:53:23 +0200] "GET /bootstrap/dist/css/bootstrap.css HTTP/1.1" 404 196
::1 - - [12/Oct/2024:14:53:23 +0200] "GET /zoo-ARCADIA/build/css/app.css HTTP/1.1" 200 180
::1 - - [12/Oct/2024:14:53:23 +0200] "GET /src/assets/fonts/Fun-City-Level-3-Basic.ttf HTTP/1.1" 404 196
::1 - - [12/Oct/2024:14:53:25 +0200] "GET /zoo-ARCADIA/ HTTP/1.1" 304 -
::1 - - [12/Oct/2024:14:53:25 +0200] "GET /node_modules/Normalize-css/normalize.css HTTP/1.1" 404 196
::1 - - [12/Oct/2024:14:53:25 +0200] "GET /bootstrap/dist/css/bootstrap.css HTTP/1.1" 404 196
::1 - - [12/Oct/2024:14:53:25 +0200] "GET /zoo-ARCADIA/build/css/app.css HTTP/1.1" 304 -
::1 - - [12/Oct/2024:14:53:25 +0200] "GET /src/assets/fonts/Fun-City-Level-3-Basic.ttf HTTP/1.1" 404 196
::1 - - [12/Oct/2024:14:55:06 +0200] "-" 408 -
::1 - - [13/Nov/2024:15:06:02 +0100] "GET /sercices.html HTTP/1.1" 404 196
::1 - - [13/Nov/2024:15:06:02 +0100] "GET /favicon.ico HTTP/1.1" 404 196
127.0.0.1 - - [19/Nov/2024:18:01:29 +0100] "GET /announce?info_hash=x%e0p%2a%0fF%fa%dcuBPjkZ%bc%1e%1f%d1%822&peer_id=-UT360W-%3a%b8%86%2f%f0%d6I%fc%e4%a4%f9%d2&port=54298&uploaded=0&downloaded=0&left=44140927058&corrupt=0&key=C8B3E587&event=started&numwant=200&compact=1&no_peer_id=1 HTTP/1.1" 404 196
127.0.0.1 - - [19/Nov/2024:18:31:32 +0100] "GET /announce?info_hash=x%e0p%2a%0fF%fa%dcuBPjkZ%bc%1e%1f%d1%822&peer_id=-UT360W-%3a%b8%86%2f%f0%d6I%fc%e4%a4%f9%d2&port=54298&uploaded=2413068288&downloaded=4613734400&left=39362107474&corrupt=0&key=C3DE9D71&event=started&numwant=200&compact=1&no_peer_id=1 HTTP/1.1" 404 196
127.0.0.1 - - [19/Nov/2024:19:01:35 +0100] "GET /announce?info_hash=x%e0p%2a%0fF%fa%dcuBPjkZ%bc%1e%1f%d1%822&peer_id=-UT360W-%3a%b8%86%2f%f0%d6I%fc%e4%a4%f9%d2&port=54298&uploaded=5315985408&downloaded=12423528448&left=31558850642&corrupt=16777216&key=624F9CD2&event=started&numwant=200&compact=1&no_peer_id=1 HTTP/1.1" 404 196
127.0.0.1 - - [19/Nov/2024:19:24:18 +0100] "GET /announce?info_hash=x%e0p%2a%0fF%fa%dcuBPjkZ%bc%1e%1f%d1%822&peer_id=-UT360W-%3a%b8%86%2f%f0%d6I%fc%e4%a4%f9%d2&port=54298&uploaded=7016939520&downloaded=17767071744&left=26273749074&corrupt=16777216&key=0072BCD6&event=started&numwant=200&compact=1&no_peer_id=1 HTTP/1.1" 404 196
127.0.0.1 - - [19/Nov/2024:19:31:06 +0100] "GET /announce?info_hash=x%e0p%2a%0fF%fa%dcuBPjkZ%bc%1e%1f%d1%822&peer_id=-UT360W-%3a%b8%86%2f%f0%d6I%fc%e4%a4%f9%d2&port=12043&uploaded=7471726592&downloaded=19209912320&left=24836167762&corrupt=16777216&key=4922BD71&event=started&numwant=200&compact=1&no_peer_id=1 HTTP/1.1" 404 196
192.168.1.149 - - [15/Dec/2024:18:11:48 +0100] "GET / HTTP/1.1" 200 321
192.168.1.149 - - [15/Dec/2024:18:11:49 +0100] "GET /favicon.ico HTTP/1.1" 404 196
192.168.1.149 - - [15/Dec/2024:18:11:51 +0100] "GET /zoo-ARCADIA/ HTTP/1.1" 200 15139
192.168.1.149 - - [15/Dec/2024:18:11:51 +0100] "GET /zoo-ARCADIA/src/assets/images/panda-menu-mobile.svg HTTP/1.1" 200 18380
192.168.1.149 - - [15/Dec/2024:18:11:51 +0100] "GET /zoo-ARCADIA/src/assets/images/logo-bar.svg HTTP/1.1" 200 59543
192.168.1.149 - - [15/Dec/2024:18:11:51 +0100] "GET /node_modules/bootstrap/dist/css/bootstrap.min.css HTTP/1.1" 404 196
192.168.1.149 - - [15/Dec/2024:18:11:51 +0100] "GET /node_modules/Normalize-css/normalize.css HTTP/1.1" 404 196
192.168.1.149 - - [15/Dec/2024:18:11:51 +0100] "GET /node_modules/bootstrap/dist/js/bootstrap.bundle.min.js HTTP/1.1" 404 196
192.168.1.149 - - [15/Dec/2024:18:11:51 +0100] "GET /build/css/app.css HTTP/1.1" 404 196
192.168.1.149 - - [15/Dec/2024:18:11:51 +0100] "GET /node_modules/@popperjs/core/dist/umd/popper.min.js HTTP/1.1" 404 196
192.168.1.149 - - [15/Dec/2024:18:11:51 +0100] "GET /zoo-ARCADIA/src/assets/images/logo-desk.svg HTTP/1.1" 200 59605
192.168.1.149 - - [15/Dec/2024:18:11:51 +0100] "GET /zoo-ARCADIA/src/assets/images/logo-site-mobile.svg HTTP/1.1" 200 59499
192.168.1.149 - - [15/Dec/2024:18:11:51 +0100] "GET /src/assets/images/favicon.png HTTP/1.1" 404 196
192.168.1.149 - - [15/Dec/2024:18:11:51 +0100] "GET /src/assets/images/favicon.svg HTTP/1.1" 404 196
192.168.1.149 - - [15/Dec/2024:18:11:52 +0100] "GET /zoo-ARCADIA/contact.html HTTP/1.1" 200 8612
192.168.1.149 - - [15/Dec/2024:18:11:52 +0100] "GET /node_modules/Normalize-css/normalize.css HTTP/1.1" 404 196
192.168.1.149 - - [15/Dec/2024:18:11:52 +0100] "GET /node_modules/bootstrap/dist/css/bootstrap.css HTTP/1.1" 404 196
192.168.1.149 - - [15/Dec/2024:18:11:52 +0100] "GET /zoo-ARCADIA/build/css/app.css HTTP/1.1" 200 31088
192.168.1.149 - - [15/Dec/2024:18:11:52 +0100] "GET /node_modules/@popperjs/core/dist/umd/popper.min.js HTTP/1.1" 404 196
192.168.1.149 - - [15/Dec/2024:18:11:52 +0100] "GET /node_modules/bootstrap/dist/js/bootstrap.bundle.min.js HTTP/1.1" 404 196
192.168.1.149 - - [15/Dec/2024:18:11:52 +0100] "GET /node_modules/bootstrap-icons/font/bootstrap-icons.min.css HTTP/1.1" 404 196
192.168.1.149 - - [15/Dec/2024:18:11:52 +0100] "GET /src/assets/fonts/Inter_24pt-Medium.ttf HTTP/1.1" 404 196
192.168.1.149 - - [15/Dec/2024:18:11:52 +0100] "GET /src/assets/fonts/Poppins-Medium.ttf HTTP/1.1" 404 196
192.168.1.149 - - [15/Dec/2024:18:11:56 +0100] "GET /zoo-ARCADIA/contact.html HTTP/1.1" 304 -
192.168.1.149 - - [15/Dec/2024:18:11:56 +0100] "GET /node_modules/bootstrap/dist/css/bootstrap.css HTTP/1.1" 404 196
192.168.1.149 - - [15/Dec/2024:18:11:56 +0100] "GET /node_modules/Normalize-css/normalize.css HTTP/1.1" 404 196
192.168.1.149 - - [15/Dec/2024:18:11:56 +0100] "GET /node_modules/bootstrap-icons/font/bootstrap-icons.min.css HTTP/1.1" 404 196
192.168.1.149 - - [15/Dec/2024:18:11:56 +0100] "GET /node_modules/@popperjs/core/dist/umd/popper.min.js HTTP/1.1" 404 196
192.168.1.149 - - [15/Dec/2024:18:11:56 +0100] "GET /node_modules/bootstrap/dist/js/bootstrap.bundle.min.js HTTP/1.1" 404 196
192.168.1.149 - - [15/Dec/2024:18:11:56 +0100] "GET /src/assets/fonts/Poppins-Medium.ttf HTTP/1.1" 404 196
192.168.1.149 - - [15/Dec/2024:18:11:56 +0100] "GET /src/assets/fonts/Inter_24pt-Medium.ttf HTTP/1.1" 404 196
192.168.1.149 - - [15/Dec/2024:18:11:57 +0100] "GET /src/assets/fonts/Poppins-Bold.ttf HTTP/1.1" 404 196
192.168.1.149 - - [15/Dec/2024:18:11:57 +0100] "GET /zoo-ARCADIA/index.html HTTP/1.1" 200 15139
192.168.1.149 - - [15/Dec/2024:18:11:57 +0100] "GET /node_modules/Normalize-css/normalize.css HTTP/1.1" 404 196
192.168.1.149 - - [15/Dec/2024:18:11:57 +0100] "GET /build/css/app.css HTTP/1.1" 404 196
192.168.1.149 - - [15/Dec/2024:18:11:57 +0100] "GET /node_modules/bootstrap/dist/css/bootstrap.min.css HTTP/1.1" 404 196
192.168.1.149 - - [15/Dec/2024:18:11:57 +0100] "GET /node_modules/@popperjs/core/dist/umd/popper.min.js HTTP/1.1" 404 196
192.168.1.149 - - [15/Dec/2024:18:11:57 +0100] "GET /node_modules/bootstrap/dist/js/bootstrap.bundle.min.js HTTP/1.1" 404 196
192.168.1.149 - - [15/Dec/2024:18:11:58 +0100] "GET /zoo-ARCADIA/index.html HTTP/1.1" 304 -
192.168.1.149 - - [15/Dec/2024:18:11:58 +0100] "GET /node_modules/bootstrap/dist/css/bootstrap.min.css HTTP/1.1" 404 196
192.168.1.149 - - [15/Dec/2024:18:11:58 +0100] "GET /node_modules/Normalize-css/normalize.css HTTP/1.1" 404 196
192.168.1.149 - - [15/Dec/2024:18:11:58 +0100] "GET /build/css/app.css HTTP/1.1" 404 196
192.168.1.149 - - [15/Dec/2024:18:11:58 +0100] "GET /node_modules/bootstrap/dist/js/bootstrap.bundle.min.js HTTP/1.1" 404 196
192.168.1.149 - - [15/Dec/2024:18:11:58 +0100] "GET /node_modules/@popperjs/core/dist/umd/popper.min.js HTTP/1.1" 404 196
192.168.1.149 - - [15/Dec/2024:18:12:02 +0100] "GET /zoo-ARCADIA/index.html HTTP/1.1" 304 -
192.168.1.149 - - [15/Dec/2024:18:12:02 +0100] "GET /node_modules/Normalize-css/normalize.css HTTP/1.1" 404 196
192.168.1.149 - - [15/Dec/2024:18:12:02 +0100] "GET /node_modules/@popperjs/core/dist/umd/popper.min.js HTTP/1.1" 404 196
192.168.1.149 - - [15/Dec/2024:18:12:02 +0100] "GET /node_modules/bootstrap/dist/css/bootstrap.min.css HTTP/1.1" 404 196
192.168.1.149 - - [15/Dec/2024:18:12:02 +0100] "GET /node_modules/bootstrap/dist/js/bootstrap.bundle.min.js HTTP/1.1" 404 196
192.168.1.149 - - [15/Dec/2024:18:12:02 +0100] "GET /build/css/app.css HTTP/1.1" 404 196
192.168.1.149 - - [15/Dec/2024:18:12:10 +0100] "GET /zoo-ARCADIA/index.html HTTP/1.1" 304 -
192.168.1.149 - - [15/Dec/2024:18:12:10 +0100] "GET /node_modules/Normalize-css/normalize.css HTTP/1.1" 404 196
192.168.1.149 - - [15/Dec/2024:18:12:10 +0100] "GET /node_modules/bootstrap/dist/css/bootstrap.min.css HTTP/1.1" 404 196
192.168.1.149 - - [15/Dec/2024:18:12:10 +0100] "GET /build/css/app.css HTTP/1.1" 404 196
192.168.1.149 - - [15/Dec/2024:18:12:10 +0100] "GET /node_modules/bootstrap/dist/js/bootstrap.bundle.min.js HTTP/1.1" 404 196
192.168.1.149 - - [15/Dec/2024:18:12:10 +0100] "GET /node_modules/@popperjs/core/dist/umd/popper.min.js HTTP/1.1" 404 196
192.168.1.149 - - [15/Dec/2024:18:12:11 +0100] "GET /zoo-ARCADIA/index.html HTTP/1.1" 304 -
192.168.1.149 - - [15/Dec/2024:18:12:11 +0100] "GET /node_modules/Normalize-css/normalize.css HTTP/1.1" 404 196
192.168.1.149 - - [15/Dec/2024:18:12:11 +0100] "GET /node_modules/bootstrap/dist/css/bootstrap.min.css HTTP/1.1" 404 196
192.168.1.149 - - [15/Dec/2024:18:12:11 +0100] "GET /node_modules/@popperjs/core/dist/umd/popper.min.js HTTP/1.1" 404 196
192.168.1.149 - - [15/Dec/2024:18:12:11 +0100] "GET /node_modules/bootstrap/dist/js/bootstrap.bundle.min.js HTTP/1.1" 404 196
192.168.1.149 - - [15/Dec/2024:18:12:11 +0100] "GET /build/css/app.css HTTP/1.1" 404 196
192.168.1.149 - - [15/Dec/2024:18:12:14 +0100] "GET /zoo-ARCADIA/index.html HTTP/1.1" 304 -
192.168.1.149 - - [15/Dec/2024:18:12:14 +0100] "GET /node_modules/Normalize-css/normalize.css HTTP/1.1" 404 196
192.168.1.149 - - [15/Dec/2024:18:12:14 +0100] "GET /node_modules/bootstrap/dist/css/bootstrap.min.css HTTP/1.1" 404 196
192.168.1.149 - - [15/Dec/2024:18:12:14 +0100] "GET /node_modules/bootstrap/dist/js/bootstrap.bundle.min.js HTTP/1.1" 404 196
192.168.1.149 - - [15/Dec/2024:18:12:14 +0100] "GET /build/css/app.css HTTP/1.1" 404 196
192.168.1.149 - - [15/Dec/2024:18:12:14 +0100] "GET /node_modules/@popperjs/core/dist/umd/popper.min.js HTTP/1.1" 404 196
192.168.1.149 - - [15/Dec/2024:18:12:15 +0100] "GET /zoo-ARCADIA/index.html HTTP/1.1" 304 -
192.168.1.149 - - [15/Dec/2024:18:12:16 +0100] "GET /node_modules/bootstrap/dist/css/bootstrap.min.css HTTP/1.1" 404 196
192.168.1.149 - - [15/Dec/2024:18:12:16 +0100] "GET /node_modules/Normalize-css/normalize.css HTTP/1.1" 404 196
192.168.1.149 - - [15/Dec/2024:18:12:16 +0100] "GET /build/css/app.css HTTP/1.1" 404 196
192.168.1.149 - - [15/Dec/2024:18:12:16 +0100] "GET /node_modules/bootstrap/dist/js/bootstrap.bundle.min.js HTTP/1.1" 404 196
192.168.1.149 - - [15/Dec/2024:18:12:16 +0100] "GET /node_modules/@popperjs/core/dist/umd/popper.min.js HTTP/1.1" 404 196
192.168.1.149 - - [15/Dec/2024:18:12:17 +0100] "GET /zoo-ARCADIA/services.html HTTP/1.1" 200 9597
192.168.1.149 - - [15/Dec/2024:18:12:17 +0100] "GET /node_modules/Normalize-css/normalize.css HTTP/1.1" 404 196
192.168.1.149 - - [15/Dec/2024:18:12:17 +0100] "GET /node_modules/bootstrap/dist/css/bootstrap.min.css HTTP/1.1" 404 196
192.168.1.149 - - [15/Dec/2024:18:12:17 +0100] "GET /node_modules/bootstrap/dist/js/bootstrap.bundle.min.js HTTP/1.1" 404 196
192.168.1.149 - - [15/Dec/2024:18:12:17 +0100] "GET /build/css/app.css HTTP/1.1" 404 196
192.168.1.149 - - [15/Dec/2024:18:12:17 +0100] "GET /node_modules/@popperjs/core/dist/umd/popper.min.js HTTP/1.1" 404 196
192.168.1.149 - - [15/Dec/2024:18:13:56 +0100] "-" 408 -
192.168.1.149 - - [22/Dec/2024:14:03:50 +0100] "GET / HTTP/1.1" 200 321
192.168.1.149 - - [22/Dec/2024:14:03:50 +0100] "GET /favicon.ico HTTP/1.1" 404 196
192.168.1.149 - - [22/Dec/2024:14:03:52 +0100] "GET /zoo-ARCADIA/ HTTP/1.1" 200 15989
192.168.1.149 - - [22/Dec/2024:14:03:52 +0100] "GET /zoo-ARCADIA/src/assets/images/logo-bar.svg HTTP/1.1" 200 59543
192.168.1.149 - - [22/Dec/2024:14:03:52 +0100] "GET /node_modules/bootstrap/dist/css/bootstrap.min.css HTTP/1.1" 404 196
192.168.1.149 - - [22/Dec/2024:14:03:52 +0100] "GET /build/css/app.css HTTP/1.1" 404 196
192.168.1.149 - - [22/Dec/2024:14:03:52 +0100] "GET /zoo-ARCADIA/src/assets/images/panda-menu-mobile.svg HTTP/1.1" 304 -
192.168.1.149 - - [22/Dec/2024:14:03:52 +0100] "GET /node_modules/bootstrap/dist/js/bootstrap.bundle.min.js HTTP/1.1" 404 196
192.168.1.149 - - [22/Dec/2024:14:03:52 +0100] "GET /node_modules/@popperjs/core/dist/umd/popper.min.js HTTP/1.1" 404 196
192.168.1.149 - - [22/Dec/2024:14:03:52 +0100] "GET /node_modules/Normalize-css/normalize.css HTTP/1.1" 404 196
192.168.1.149 - - [22/Dec/2024:14:03:52 +0100] "GET /zoo-ARCADIA/src/assets/images/logo-desk.svg HTTP/1.1" 200 59605
192.168.1.149 - - [22/Dec/2024:14:03:52 +0100] "GET /zoo-ARCADIA/src/assets/images/logo-site-mobile.svg HTTP/1.1" 200 59499
192.168.1.149 - - [22/Dec/2024:14:03:54 +0100] "GET /src/assets/images/favicon.png HTTP/1.1" 404 196
192.168.1.149 - - [22/Dec/2024:14:03:54 +0100] "GET /src/assets/images/favicon.svg HTTP/1.1" 404 196
192.168.1.149 - - [22/Dec/2024:14:05:07 +0100] "-" 408 -
::1 - - [30/Dec/2024:18:51:05 +0100] "GET /index.html HTTP/1.1" 404 196
::1 - - [30/Dec/2024:18:51:05 +0100] "GET /favicon.ico HTTP/1.1" 404 196
192.168.1.149 - - [02/Jan/2025:20:01:35 +0100] "GET /zoo-ARCADIA/index.html HTTP/1.1" 200 12407
192.168.1.149 - - [02/Jan/2025:20:01:35 +0100] "GET /zoo-ARCADIA/src/assets/images/panda-menu-mobile.svg HTTP/1.1" 200 18380
192.168.1.149 - - [02/Jan/2025:20:01:35 +0100] "GET /zoo-ARCADIA/src/assets/images/logo-bar.svg HTTP/1.1" 200 59543
192.168.1.149 - - [02/Jan/2025:20:01:35 +0100] "GET /node_modules/Normalize-css/normalize.css HTTP/1.1" 404 196
192.168.1.149 - - [02/Jan/2025:20:01:35 +0100] "GET /zoo-ARCADIA/src/assets/images/logo-desk.svg HTTP/1.1" 200 59605
192.168.1.149 - - [02/Jan/2025:20:01:35 +0100] "GET /build/css/app.css HTTP/1.1" 404 196
192.168.1.149 - - [02/Jan/2025:20:01:35 +0100] "GET /node_modules/bootstrap/dist/js/bootstrap.bundle.min.js HTTP/1.1" 404 196
192.168.1.149 - - [02/Jan/2025:20:01:35 +0100] "GET /node_modules/@popperjs/core/dist/umd/popper.min.js HTTP/1.1" 404 196
192.168.1.149 - - [02/Jan/2025:20:01:35 +0100] "GET /node_modules/bootstrap/dist/css/bootstrap.min.css HTTP/1.1" 404 196
192.168.1.149 - - [02/Jan/2025:20:01:35 +0100] "GET /zoo-ARCADIA/src/assets/images/logo-site-mobile.svg HTTP/1.1" 200 59499
192.168.1.149 - - [02/Jan/2025:20:01:36 +0100] "GET /src/assets/images/favicon.png HTTP/1.1" 404 196
192.168.1.149 - - [02/Jan/2025:20:01:36 +0100] "GET /src/assets/images/favicon.svg HTTP/1.1" 404 196
192.168.1.71 - - [15/Jan/2025:00:03:21 +0100] "GET /description.xml HTTP/1.1" 404 196
::1 - - [25/Jan/2025:18:12:52 +0100] "GET / HTTP/1.1" 200 321
::1 - - [25/Jan/2025:18:12:52 +0100] "GET /favicon.ico HTTP/1.1" 404 196
::1 - - [25/Jan/2025:18:14:52 +0100] "GET / HTTP/1.1" 200 321
::1 - - [25/Jan/2025:18:17:25 +0100] "GET / HTTP/1.1" 200 321
::1 - - [25/Jan/2025:18:17:25 +0100] "GET /index.php HTTP/1.1" 404 196
::1 - - [25/Jan/2025:18:17:27 +0100] "GET / HTTP/1.1" 200 321
::1 - - [25/Jan/2025:18:17:58 +0100] "GET / HTTP/1.1" 200 321
::1 - - [25/Jan/2025:18:17:58 +0100] "GET /index.php HTTP/1.1" 404 196
::1 - - [25/Jan/2025:18:18:00 +0100] "GET / HTTP/1.1" 200 321
::1 - - [25/Jan/2025:18:18:03 +0100] "GET /index.php HTTP/1.1" 404 196
::1 - - [25/Jan/2025:18:18:23 +0100] "GET /index.php HTTP/1.1" 404 196
::1 - - [25/Jan/2025:18:18:23 +0100] "GET /index.php HTTP/1.1" 404 196
::1 - - [25/Jan/2025:18:18:25 +0100] "GET /index.php HTTP/1.1" 404 196
::1 - - [25/Jan/2025:18:18:25 +0100] "GET /index.php HTTP/1.1" 404 196
::1 - - [25/Jan/2025:18:18:29 +0100] "GET / HTTP/1.1" 200 321
::1 - - [25/Jan/2025:18:18:32 +0100] "GET /index.php HTTP/1.1" 404 196
::1 - - [25/Jan/2025:18:18:38 +0100] "GET /index.php HTTP/1.1" 404 196
::1 - - [25/Jan/2025:18:18:38 +0100] "GET /index.php HTTP/1.1" 404 196
::1 - - [25/Jan/2025:18:18:41 +0100] "GET / HTTP/1.1" 200 321
::1 - - [25/Jan/2025:18:18:43 +0100] "GET /zoo-ARCADIA/ HTTP/1.1" 200 1402
::1 - - [25/Jan/2025:18:18:47 +0100] "GET /zoo-ARCADIA/public/ HTTP/1.1" 200 334
::1 - - [25/Jan/2025:18:18:55 +0100] "GET /zoo-ARCADIA/public/index.php HTTP/1.1" 200 13317
::1 - - [25/Jan/2025:18:18:55 +0100] "GET /node_modules/Normalize-css/normalize.css HTTP/1.1" 404 196
::1 - - [25/Jan/2025:18:18:55 +0100] "GET /zoo-ARCADIA/public/src/assets/images/panda-menu-mobile.svg HTTP/1.1" 404 196
::1 - - [25/Jan/2025:18:18:55 +0100] "GET /node_modules/bootstrap/dist/css/bootstrap.min.css HTTP/1.1" 404 196
::1 - - [25/Jan/2025:18:18:55 +0100] "GET /zoo-ARCADIA/public/src/assets/images/logo-bar.svg HTTP/1.1" 404 196
::1 - - [25/Jan/2025:18:18:55 +0100] "GET /node_modules/bootstrap/dist/js/bootstrap.bundle.min.js HTTP/1.1" 404 196
::1 - - [25/Jan/2025:18:18:55 +0100] "GET /public/build/css/app.css HTTP/1.1" 404 196
::1 - - [25/Jan/2025:18:18:55 +0100] "GET /node_modules/@popperjs/core/dist/umd/popper.min.js HTTP/1.1" 404 196
::1 - - [25/Jan/2025:18:18:55 +0100] "GET /zoo-ARCADIA/public/src/assets/images/logo-desk.svg HTTP/1.1" 404 196
::1 - - [25/Jan/2025:18:18:55 +0100] "GET /zoo-ARCADIA/public/src/assets/images/logo-site-mobile.svg HTTP/1.1" 404 196
::1 - - [25/Jan/2025:18:18:55 +0100] "GET /zoo-ARCADIA/public/src/assets/images/logo-bar.svg HTTP/1.1" 404 196
::1 - - [25/Jan/2025:18:18:55 +0100] "GET /zoo-ARCADIA/public/src/assets/images/panda-menu-mobile.svg HTTP/1.1" 404 196
::1 - - [25/Jan/2025:18:18:56 +0100] "GET /src/assets/images/favicon.png HTTP/1.1" 404 196
::1 - - [25/Jan/2025:18:18:56 +0100] "GET /src/assets/images/favicon.svg HTTP/1.1" 404 196
::1 - - [25/Jan/2025:18:19:01 +0100] "GET /zoo-ARCADIA/public/build/ HTTP/1.1" 200 305
::1 - - [25/Jan/2025:18:19:09 +0100] "GET /zoo-ARCADIA/public/ HTTP/1.1" 200 334
::1 - - [25/Jan/2025:18:19:11 +0100] "GET /zoo-ARCADIA/public/index.php HTTP/1.1" 200 13317
::1 - - [25/Jan/2025:18:19:11 +0100] "GET /node_modules/Normalize-css/normalize.css HTTP/1.1" 404 196
::1 - - [25/Jan/2025:18:19:11 +0100] "GET /node_modules/bootstrap/dist/css/bootstrap.min.css HTTP/1.1" 404 196
::1 - - [25/Jan/2025:18:19:11 +0100] "GET /public/build/css/app.css HTTP/1.1" 404 196
::1 - - [25/Jan/2025:18:19:11 +0100] "GET /node_modules/bootstrap/dist/js/bootstrap.bundle.min.js HTTP/1.1" 404 196
::1 - - [25/Jan/2025:18:19:11 +0100] "GET /node_modules/@popperjs/core/dist/umd/popper.min.js HTTP/1.1" 404 196
::1 - - [25/Jan/2025:18:19:11 +0100] "GET /zoo-ARCADIA/public/src/assets/images/panda-menu-mobile.svg HTTP/1.1" 404 196
::1 - - [25/Jan/2025:18:19:11 +0100] "GET /zoo-ARCADIA/public/src/assets/images/logo-bar.svg HTTP/1.1" 404 196
::1 - - [25/Jan/2025:18:19:11 +0100] "GET /zoo-ARCADIA/public/src/assets/images/logo-desk.svg HTTP/1.1" 404 196
::1 - - [25/Jan/2025:18:19:11 +0100] "GET /zoo-ARCADIA/public/src/assets/images/logo-site-mobile.svg HTTP/1.1" 404 196
::1 - - [25/Jan/2025:18:19:42 +0100] "GET /zoo-ARCADIA/public/index.php HTTP/1.1" 200 13317
::1 - - [25/Jan/2025:18:19:42 +0100] "GET /index.php HTTP/1.1" 404 196
::1 - - [25/Jan/2025:18:19:42 +0100] "GET /node_modules/Normalize-css/normalize.css HTTP/1.1" 404 196
::1 - - [25/Jan/2025:18:19:42 +0100] "GET /node_modules/bootstrap/dist/css/bootstrap.min.css HTTP/1.1" 404 196
::1 - - [25/Jan/2025:18:19:42 +0100] "GET /public/build/css/app.css HTTP/1.1" 404 196
::1 - - [25/Jan/2025:18:19:42 +0100] "GET /node_modules/bootstrap/dist/js/bootstrap.bundle.min.js HTTP/1.1" 404 196
::1 - - [25/Jan/2025:18:19:42 +0100] "GET /node_modules/@popperjs/core/dist/umd/popper.min.js HTTP/1.1" 404 196
::1 - - [25/Jan/2025:18:19:42 +0100] "GET /zoo-ARCADIA/public/src/assets/images/panda-menu-mobile.svg HTTP/1.1" 404 196
::1 - - [25/Jan/2025:18:19:42 +0100] "GET /zoo-ARCADIA/public/src/assets/images/logo-bar.svg HTTP/1.1" 404 196
::1 - - [25/Jan/2025:18:19:42 +0100] "GET /zoo-ARCADIA/public/src/assets/images/logo-desk.svg HTTP/1.1" 404 196
::1 - - [25/Jan/2025:18:19:42 +0100] "GET /zoo-ARCADIA/public/src/assets/images/logo-site-mobile.svg HTTP/1.1" 404 196
